<?xml version="1.0" encoding="UTF-8"?>
<testsuite xmlns:xsi="http://www.w3.org/2001/XMLSchema-instance" xsi:noNamespaceSchemaLocation="https://maven.apache.org/surefire/maven-surefire-plugin/xsd/surefire-test-report.xsd" version="3.0.2" name="timetweak.backend.BackendApplicationTests" time="14.28" tests="1" errors="0" skipped="0" failures="0">
  <properties>
    <property name="java.specification.version" value="23"/>
    <property name="sun.jnu.encoding" value="UTF-8"/>
    <property name="java.class.path" value="/Users/ansafhassan/Documents/Semester VI/Software Engineering/Project/code/TimeTweak/backend/target/test-classes:/Users/ansafhassan/Documents/Semester VI/Software Engineering/Project/code/TimeTweak/backend/target/classes:/Users/ansafhassan/.m2/repository/org/springframework/boot/spring-boot-starter-data-jpa/3.4.2/spring-boot-starter-data-jpa-3.4.2.jar:/Users/ansafhassan/.m2/repository/org/springframework/boot/spring-boot-starter/3.4.2/spring-boot-starter-3.4.2.jar:/Users/ansafhassan/.m2/repository/org/springframework/boot/spring-boot/3.4.2/spring-boot-3.4.2.jar:/Users/ansafhassan/.m2/repository/org/springframework/boot/spring-boot-autoconfigure/3.4.2/spring-boot-autoconfigure-3.4.2.jar:/Users/ansafhassan/.m2/repository/org/springframework/boot/spring-boot-starter-logging/3.4.2/spring-boot-starter-logging-3.4.2.jar:/Users/ansafhassan/.m2/repository/ch/qos/logback/logback-classic/1.5.16/logback-classic-1.5.16.jar:/Users/ansafhassan/.m2/repository/ch/qos/logback/logback-core/1.5.16/logback-core-1.5.16.jar:/Users/ansafhassan/.m2/repository/org/apache/logging/log4j/log4j-to-slf4j/2.24.3/log4j-to-slf4j-2.24.3.jar:/Users/ansafhassan/.m2/repository/org/apache/logging/log4j/log4j-api/2.24.3/log4j-api-2.24.3.jar:/Users/ansafhassan/.m2/repository/org/slf4j/jul-to-slf4j/2.0.16/jul-to-slf4j-2.0.16.jar:/Users/ansafhassan/.m2/repository/jakarta/annotation/jakarta.annotation-api/2.1.1/jakarta.annotation-api-2.1.1.jar:/Users/ansafhassan/.m2/repository/org/yaml/snakeyaml/2.3/snakeyaml-2.3.jar:/Users/ansafhassan/.m2/repository/org/springframework/boot/spring-boot-starter-jdbc/3.4.2/spring-boot-starter-jdbc-3.4.2.jar:/Users/ansafhassan/.m2/repository/com/zaxxer/HikariCP/5.1.0/HikariCP-5.1.0.jar:/Users/ansafhassan/.m2/repository/org/springframework/spring-jdbc/6.2.2/spring-jdbc-6.2.2.jar:/Users/ansafhassan/.m2/repository/org/hibernate/orm/hibernate-core/6.6.5.Final/hibernate-core-6.6.5.Final.jar:/Users/ansafhassan/.m2/repository/jakarta/persistence/jakarta.persistence-api/3.1.0/jakarta.persistence-api-3.1.0.jar:/Users/ansafhassan/.m2/repository/jakarta/transaction/jakarta.transaction-api/2.0.1/jakarta.transaction-api-2.0.1.jar:/Users/ansafhassan/.m2/repository/org/jboss/logging/jboss-logging/3.6.1.Final/jboss-logging-3.6.1.Final.jar:/Users/ansafhassan/.m2/repository/org/hibernate/common/hibernate-commons-annotations/7.0.3.Final/hibernate-commons-annotations-7.0.3.Final.jar:/Users/ansafhassan/.m2/repository/io/smallrye/jandex/3.2.0/jandex-3.2.0.jar:/Users/ansafhassan/.m2/repository/com/fasterxml/classmate/1.7.0/classmate-1.7.0.jar:/Users/ansafhassan/.m2/repository/net/bytebuddy/byte-buddy/1.15.11/byte-buddy-1.15.11.jar:/Users/ansafhassan/.m2/repository/org/glassfish/jaxb/jaxb-runtime/4.0.5/jaxb-runtime-4.0.5.jar:/Users/ansafhassan/.m2/repository/org/glassfish/jaxb/jaxb-core/4.0.5/jaxb-core-4.0.5.jar:/Users/ansafhassan/.m2/repository/org/eclipse/angus/angus-activation/2.0.2/angus-activation-2.0.2.jar:/Users/ansafhassan/.m2/repository/org/glassfish/jaxb/txw2/4.0.5/txw2-4.0.5.jar:/Users/ansafhassan/.m2/repository/com/sun/istack/istack-commons-runtime/4.1.2/istack-commons-runtime-4.1.2.jar:/Users/ansafhassan/.m2/repository/jakarta/inject/jakarta.inject-api/2.0.1/jakarta.inject-api-2.0.1.jar:/Users/ansafhassan/.m2/repository/org/antlr/antlr4-runtime/4.13.0/antlr4-runtime-4.13.0.jar:/Users/ansafhassan/.m2/repository/org/springframework/data/spring-data-jpa/3.4.2/spring-data-jpa-3.4.2.jar:/Users/ansafhassan/.m2/repository/org/springframework/data/spring-data-commons/3.4.2/spring-data-commons-3.4.2.jar:/Users/ansafhassan/.m2/repository/org/springframework/spring-orm/6.2.2/spring-orm-6.2.2.jar:/Users/ansafhassan/.m2/repository/org/springframework/spring-context/6.2.2/spring-context-6.2.2.jar:/Users/ansafhassan/.m2/repository/org/springframework/spring-aop/6.2.2/spring-aop-6.2.2.jar:/Users/ansafhassan/.m2/repository/org/springframework/spring-tx/6.2.2/spring-tx-6.2.2.jar:/Users/ansafhassan/.m2/repository/org/springframework/spring-beans/6.2.2/spring-beans-6.2.2.jar:/Users/ansafhassan/.m2/repository/org/slf4j/slf4j-api/2.0.16/slf4j-api-2.0.16.jar:/Users/ansafhassan/.m2/repository/org/springframework/spring-aspects/6.2.2/spring-aspects-6.2.2.jar:/Users/ansafhassan/.m2/repository/org/aspectj/aspectjweaver/1.9.22.1/aspectjweaver-1.9.22.1.jar:/Users/ansafhassan/.m2/repository/org/springframework/boot/spring-boot-starter-web/3.4.2/spring-boot-starter-web-3.4.2.jar:/Users/ansafhassan/.m2/repository/org/springframework/boot/spring-boot-starter-json/3.4.2/spring-boot-starter-json-3.4.2.jar:/Users/ansafhassan/.m2/repository/com/fasterxml/jackson/core/jackson-databind/2.18.2/jackson-databind-2.18.2.jar:/Users/ansafhassan/.m2/repository/com/fasterxml/jackson/core/jackson-annotations/2.18.2/jackson-annotations-2.18.2.jar:/Users/ansafhassan/.m2/repository/com/fasterxml/jackson/core/jackson-core/2.18.2/jackson-core-2.18.2.jar:/Users/ansafhassan/.m2/repository/com/fasterxml/jackson/datatype/jackson-datatype-jdk8/2.18.2/jackson-datatype-jdk8-2.18.2.jar:/Users/ansafhassan/.m2/repository/com/fasterxml/jackson/datatype/jackson-datatype-jsr310/2.18.2/jackson-datatype-jsr310-2.18.2.jar:/Users/ansafhassan/.m2/repository/com/fasterxml/jackson/module/jackson-module-parameter-names/2.18.2/jackson-module-parameter-names-2.18.2.jar:/Users/ansafhassan/.m2/repository/org/springframework/boot/spring-boot-starter-tomcat/3.4.2/spring-boot-starter-tomcat-3.4.2.jar:/Users/ansafhassan/.m2/repository/org/apache/tomcat/embed/tomcat-embed-core/10.1.34/tomcat-embed-core-10.1.34.jar:/Users/ansafhassan/.m2/repository/org/apache/tomcat/embed/tomcat-embed-el/10.1.34/tomcat-embed-el-10.1.34.jar:/Users/ansafhassan/.m2/repository/org/apache/tomcat/embed/tomcat-embed-websocket/10.1.34/tomcat-embed-websocket-10.1.34.jar:/Users/ansafhassan/.m2/repository/org/springframework/spring-web/6.2.2/spring-web-6.2.2.jar:/Users/ansafhassan/.m2/repository/io/micrometer/micrometer-observation/1.14.3/micrometer-observation-1.14.3.jar:/Users/ansafhassan/.m2/repository/io/micrometer/micrometer-commons/1.14.3/micrometer-commons-1.14.3.jar:/Users/ansafhassan/.m2/repository/org/springframework/spring-webmvc/6.2.2/spring-webmvc-6.2.2.jar:/Users/ansafhassan/.m2/repository/org/springframework/spring-expression/6.2.2/spring-expression-6.2.2.jar:/Users/ansafhassan/.m2/repository/org/postgresql/postgresql/42.7.5/postgresql-42.7.5.jar:/Users/ansafhassan/.m2/repository/org/checkerframework/checker-qual/3.48.3/checker-qual-3.48.3.jar:/Users/ansafhassan/.m2/repository/org/springframework/boot/spring-boot-starter-test/3.4.2/spring-boot-starter-test-3.4.2.jar:/Users/ansafhassan/.m2/repository/org/springframework/boot/spring-boot-test/3.4.2/spring-boot-test-3.4.2.jar:/Users/ansafhassan/.m2/repository/org/springframework/boot/spring-boot-test-autoconfigure/3.4.2/spring-boot-test-autoconfigure-3.4.2.jar:/Users/ansafhassan/.m2/repository/com/jayway/jsonpath/json-path/2.9.0/json-path-2.9.0.jar:/Users/ansafhassan/.m2/repository/jakarta/xml/bind/jakarta.xml.bind-api/4.0.2/jakarta.xml.bind-api-4.0.2.jar:/Users/ansafhassan/.m2/repository/jakarta/activation/jakarta.activation-api/2.1.3/jakarta.activation-api-2.1.3.jar:/Users/ansafhassan/.m2/repository/net/minidev/json-smart/2.5.1/json-smart-2.5.1.jar:/Users/ansafhassan/.m2/repository/net/minidev/accessors-smart/2.5.1/accessors-smart-2.5.1.jar:/Users/ansafhassan/.m2/repository/org/ow2/asm/asm/9.6/asm-9.6.jar:/Users/ansafhassan/.m2/repository/org/assertj/assertj-core/3.26.3/assertj-core-3.26.3.jar:/Users/ansafhassan/.m2/repository/org/awaitility/awaitility/4.2.2/awaitility-4.2.2.jar:/Users/ansafhassan/.m2/repository/org/hamcrest/hamcrest/2.2/hamcrest-2.2.jar:/Users/ansafhassan/.m2/repository/org/junit/jupiter/junit-jupiter/5.11.4/junit-jupiter-5.11.4.jar:/Users/ansafhassan/.m2/repository/org/junit/jupiter/junit-jupiter-api/5.11.4/junit-jupiter-api-5.11.4.jar:/Users/ansafhassan/.m2/repository/org/opentest4j/opentest4j/1.3.0/opentest4j-1.3.0.jar:/Users/ansafhassan/.m2/repository/org/junit/platform/junit-platform-commons/1.11.4/junit-platform-commons-1.11.4.jar:/Users/ansafhassan/.m2/repository/org/apiguardian/apiguardian-api/1.1.2/apiguardian-api-1.1.2.jar:/Users/ansafhassan/.m2/repository/org/junit/jupiter/junit-jupiter-params/5.11.4/junit-jupiter-params-5.11.4.jar:/Users/ansafhassan/.m2/repository/org/junit/jupiter/junit-jupiter-engine/5.11.4/junit-jupiter-engine-5.11.4.jar:/Users/ansafhassan/.m2/repository/org/junit/platform/junit-platform-engine/1.11.4/junit-platform-engine-1.11.4.jar:/Users/ansafhassan/.m2/repository/org/mockito/mockito-core/5.14.2/mockito-core-5.14.2.jar:/Users/ansafhassan/.m2/repository/net/bytebuddy/byte-buddy-agent/1.15.11/byte-buddy-agent-1.15.11.jar:/Users/ansafhassan/.m2/repository/org/objenesis/objenesis/3.3/objenesis-3.3.jar:/Users/ansafhassan/.m2/repository/org/mockito/mockito-junit-jupiter/5.14.2/mockito-junit-jupiter-5.14.2.jar:/Users/ansafhassan/.m2/repository/org/skyscreamer/jsonassert/1.5.3/jsonassert-1.5.3.jar:/Users/ansafhassan/.m2/repository/com/vaadin/external/google/android-json/0.0.20131108.vaadin1/android-json-0.0.20131108.vaadin1.jar:/Users/ansafhassan/.m2/repository/org/springframework/spring-core/6.2.2/spring-core-6.2.2.jar:/Users/ansafhassan/.m2/repository/org/springframework/spring-jcl/6.2.2/spring-jcl-6.2.2.jar:/Users/ansafhassan/.m2/repository/org/springframework/spring-test/6.2.2/spring-test-6.2.2.jar:/Users/ansafhassan/.m2/repository/org/xmlunit/xmlunit-core/2.10.0/xmlunit-core-2.10.0.jar:"/>
    <property name="java.vm.vendor" value="Homebrew"/>
    <property name="sun.arch.data.model" value="64"/>
    <property name="java.vendor.url" value="https://github.com/Homebrew/homebrew-core/issues"/>
    <property name="user.timezone" value="Asia/Kolkata"/>
    <property name="org.jboss.logging.provider" value="slf4j"/>
    <property name="os.name" value="Mac OS X"/>
    <property name="java.vm.specification.version" value="23"/>
    <property name="APPLICATION_NAME" value="backend"/>
    <property name="sun.java.launcher" value="SUN_STANDARD"/>
    <property name="user.country" value="IN"/>
    <property name="sun.boot.library.path" value="/usr/local/Cellar/openjdk/23.0.2/libexec/openjdk.jdk/Contents/Home/lib"/>
    <property name="sun.java.command" value="/Users/ansafhassan/Documents/Semester VI/Software Engineering/Project/code/TimeTweak/backend/target/surefire/surefirebooter-20250408135723258_3.jar /Users/ansafhassan/Documents/Semester VI/Software Engineering/Project/code/TimeTweak/backend/target/surefire 2025-04-08T13-57-23_148-jvmRun1 surefire-20250408135723258_1tmp surefire_0-20250408135723258_2tmp"/>
    <property name="http.nonProxyHosts" value="local|*.local|169.254/16|*.169.254/16"/>
    <property name="jdk.debug" value="release"/>
    <property name="surefire.test.class.path" value="/Users/ansafhassan/Documents/Semester VI/Software Engineering/Project/code/TimeTweak/backend/target/test-classes:/Users/ansafhassan/Documents/Semester VI/Software Engineering/Project/code/TimeTweak/backend/target/classes:/Users/ansafhassan/.m2/repository/org/springframework/boot/spring-boot-starter-data-jpa/3.4.2/spring-boot-starter-data-jpa-3.4.2.jar:/Users/ansafhassan/.m2/repository/org/springframework/boot/spring-boot-starter/3.4.2/spring-boot-starter-3.4.2.jar:/Users/ansafhassan/.m2/repository/org/springframework/boot/spring-boot/3.4.2/spring-boot-3.4.2.jar:/Users/ansafhassan/.m2/repository/org/springframework/boot/spring-boot-autoconfigure/3.4.2/spring-boot-autoconfigure-3.4.2.jar:/Users/ansafhassan/.m2/repository/org/springframework/boot/spring-boot-starter-logging/3.4.2/spring-boot-starter-logging-3.4.2.jar:/Users/ansafhassan/.m2/repository/ch/qos/logback/logback-classic/1.5.16/logback-classic-1.5.16.jar:/Users/ansafhassan/.m2/repository/ch/qos/logback/logback-core/1.5.16/logback-core-1.5.16.jar:/Users/ansafhassan/.m2/repository/org/apache/logging/log4j/log4j-to-slf4j/2.24.3/log4j-to-slf4j-2.24.3.jar:/Users/ansafhassan/.m2/repository/org/apache/logging/log4j/log4j-api/2.24.3/log4j-api-2.24.3.jar:/Users/ansafhassan/.m2/repository/org/slf4j/jul-to-slf4j/2.0.16/jul-to-slf4j-2.0.16.jar:/Users/ansafhassan/.m2/repository/jakarta/annotation/jakarta.annotation-api/2.1.1/jakarta.annotation-api-2.1.1.jar:/Users/ansafhassan/.m2/repository/org/yaml/snakeyaml/2.3/snakeyaml-2.3.jar:/Users/ansafhassan/.m2/repository/org/springframework/boot/spring-boot-starter-jdbc/3.4.2/spring-boot-starter-jdbc-3.4.2.jar:/Users/ansafhassan/.m2/repository/com/zaxxer/HikariCP/5.1.0/HikariCP-5.1.0.jar:/Users/ansafhassan/.m2/repository/org/springframework/spring-jdbc/6.2.2/spring-jdbc-6.2.2.jar:/Users/ansafhassan/.m2/repository/org/hibernate/orm/hibernate-core/6.6.5.Final/hibernate-core-6.6.5.Final.jar:/Users/ansafhassan/.m2/repository/jakarta/persistence/jakarta.persistence-api/3.1.0/jakarta.persistence-api-3.1.0.jar:/Users/ansafhassan/.m2/repository/jakarta/transaction/jakarta.transaction-api/2.0.1/jakarta.transaction-api-2.0.1.jar:/Users/ansafhassan/.m2/repository/org/jboss/logging/jboss-logging/3.6.1.Final/jboss-logging-3.6.1.Final.jar:/Users/ansafhassan/.m2/repository/org/hibernate/common/hibernate-commons-annotations/7.0.3.Final/hibernate-commons-annotations-7.0.3.Final.jar:/Users/ansafhassan/.m2/repository/io/smallrye/jandex/3.2.0/jandex-3.2.0.jar:/Users/ansafhassan/.m2/repository/com/fasterxml/classmate/1.7.0/classmate-1.7.0.jar:/Users/ansafhassan/.m2/repository/net/bytebuddy/byte-buddy/1.15.11/byte-buddy-1.15.11.jar:/Users/ansafhassan/.m2/repository/org/glassfish/jaxb/jaxb-runtime/4.0.5/jaxb-runtime-4.0.5.jar:/Users/ansafhassan/.m2/repository/org/glassfish/jaxb/jaxb-core/4.0.5/jaxb-core-4.0.5.jar:/Users/ansafhassan/.m2/repository/org/eclipse/angus/angus-activation/2.0.2/angus-activation-2.0.2.jar:/Users/ansafhassan/.m2/repository/org/glassfish/jaxb/txw2/4.0.5/txw2-4.0.5.jar:/Users/ansafhassan/.m2/repository/com/sun/istack/istack-commons-runtime/4.1.2/istack-commons-runtime-4.1.2.jar:/Users/ansafhassan/.m2/repository/jakarta/inject/jakarta.inject-api/2.0.1/jakarta.inject-api-2.0.1.jar:/Users/ansafhassan/.m2/repository/org/antlr/antlr4-runtime/4.13.0/antlr4-runtime-4.13.0.jar:/Users/ansafhassan/.m2/repository/org/springframework/data/spring-data-jpa/3.4.2/spring-data-jpa-3.4.2.jar:/Users/ansafhassan/.m2/repository/org/springframework/data/spring-data-commons/3.4.2/spring-data-commons-3.4.2.jar:/Users/ansafhassan/.m2/repository/org/springframework/spring-orm/6.2.2/spring-orm-6.2.2.jar:/Users/ansafhassan/.m2/repository/org/springframework/spring-context/6.2.2/spring-context-6.2.2.jar:/Users/ansafhassan/.m2/repository/org/springframework/spring-aop/6.2.2/spring-aop-6.2.2.jar:/Users/ansafhassan/.m2/repository/org/springframework/spring-tx/6.2.2/spring-tx-6.2.2.jar:/Users/ansafhassan/.m2/repository/org/springframework/spring-beans/6.2.2/spring-beans-6.2.2.jar:/Users/ansafhassan/.m2/repository/org/slf4j/slf4j-api/2.0.16/slf4j-api-2.0.16.jar:/Users/ansafhassan/.m2/repository/org/springframework/spring-aspects/6.2.2/spring-aspects-6.2.2.jar:/Users/ansafhassan/.m2/repository/org/aspectj/aspectjweaver/1.9.22.1/aspectjweaver-1.9.22.1.jar:/Users/ansafhassan/.m2/repository/org/springframework/boot/spring-boot-starter-web/3.4.2/spring-boot-starter-web-3.4.2.jar:/Users/ansafhassan/.m2/repository/org/springframework/boot/spring-boot-starter-json/3.4.2/spring-boot-starter-json-3.4.2.jar:/Users/ansafhassan/.m2/repository/com/fasterxml/jackson/core/jackson-databind/2.18.2/jackson-databind-2.18.2.jar:/Users/ansafhassan/.m2/repository/com/fasterxml/jackson/core/jackson-annotations/2.18.2/jackson-annotations-2.18.2.jar:/Users/ansafhassan/.m2/repository/com/fasterxml/jackson/core/jackson-core/2.18.2/jackson-core-2.18.2.jar:/Users/ansafhassan/.m2/repository/com/fasterxml/jackson/datatype/jackson-datatype-jdk8/2.18.2/jackson-datatype-jdk8-2.18.2.jar:/Users/ansafhassan/.m2/repository/com/fasterxml/jackson/datatype/jackson-datatype-jsr310/2.18.2/jackson-datatype-jsr310-2.18.2.jar:/Users/ansafhassan/.m2/repository/com/fasterxml/jackson/module/jackson-module-parameter-names/2.18.2/jackson-module-parameter-names-2.18.2.jar:/Users/ansafhassan/.m2/repository/org/springframework/boot/spring-boot-starter-tomcat/3.4.2/spring-boot-starter-tomcat-3.4.2.jar:/Users/ansafhassan/.m2/repository/org/apache/tomcat/embed/tomcat-embed-core/10.1.34/tomcat-embed-core-10.1.34.jar:/Users/ansafhassan/.m2/repository/org/apache/tomcat/embed/tomcat-embed-el/10.1.34/tomcat-embed-el-10.1.34.jar:/Users/ansafhassan/.m2/repository/org/apache/tomcat/embed/tomcat-embed-websocket/10.1.34/tomcat-embed-websocket-10.1.34.jar:/Users/ansafhassan/.m2/repository/org/springframework/spring-web/6.2.2/spring-web-6.2.2.jar:/Users/ansafhassan/.m2/repository/io/micrometer/micrometer-observation/1.14.3/micrometer-observation-1.14.3.jar:/Users/ansafhassan/.m2/repository/io/micrometer/micrometer-commons/1.14.3/micrometer-commons-1.14.3.jar:/Users/ansafhassan/.m2/repository/org/springframework/spring-webmvc/6.2.2/spring-webmvc-6.2.2.jar:/Users/ansafhassan/.m2/repository/org/springframework/spring-expression/6.2.2/spring-expression-6.2.2.jar:/Users/ansafhassan/.m2/repository/org/postgresql/postgresql/42.7.5/postgresql-42.7.5.jar:/Users/ansafhassan/.m2/repository/org/checkerframework/checker-qual/3.48.3/checker-qual-3.48.3.jar:/Users/ansafhassan/.m2/repository/org/springframework/boot/spring-boot-starter-test/3.4.2/spring-boot-starter-test-3.4.2.jar:/Users/ansafhassan/.m2/repository/org/springframework/boot/spring-boot-test/3.4.2/spring-boot-test-3.4.2.jar:/Users/ansafhassan/.m2/repository/org/springframework/boot/spring-boot-test-autoconfigure/3.4.2/spring-boot-test-autoconfigure-3.4.2.jar:/Users/ansafhassan/.m2/repository/com/jayway/jsonpath/json-path/2.9.0/json-path-2.9.0.jar:/Users/ansafhassan/.m2/repository/jakarta/xml/bind/jakarta.xml.bind-api/4.0.2/jakarta.xml.bind-api-4.0.2.jar:/Users/ansafhassan/.m2/repository/jakarta/activation/jakarta.activation-api/2.1.3/jakarta.activation-api-2.1.3.jar:/Users/ansafhassan/.m2/repository/net/minidev/json-smart/2.5.1/json-smart-2.5.1.jar:/Users/ansafhassan/.m2/repository/net/minidev/accessors-smart/2.5.1/accessors-smart-2.5.1.jar:/Users/ansafhassan/.m2/repository/org/ow2/asm/asm/9.6/asm-9.6.jar:/Users/ansafhassan/.m2/repository/org/assertj/assertj-core/3.26.3/assertj-core-3.26.3.jar:/Users/ansafhassan/.m2/repository/org/awaitility/awaitility/4.2.2/awaitility-4.2.2.jar:/Users/ansafhassan/.m2/repository/org/hamcrest/hamcrest/2.2/hamcrest-2.2.jar:/Users/ansafhassan/.m2/repository/org/junit/jupiter/junit-jupiter/5.11.4/junit-jupiter-5.11.4.jar:/Users/ansafhassan/.m2/repository/org/junit/jupiter/junit-jupiter-api/5.11.4/junit-jupiter-api-5.11.4.jar:/Users/ansafhassan/.m2/repository/org/opentest4j/opentest4j/1.3.0/opentest4j-1.3.0.jar:/Users/ansafhassan/.m2/repository/org/junit/platform/junit-platform-commons/1.11.4/junit-platform-commons-1.11.4.jar:/Users/ansafhassan/.m2/repository/org/apiguardian/apiguardian-api/1.1.2/apiguardian-api-1.1.2.jar:/Users/ansafhassan/.m2/repository/org/junit/jupiter/junit-jupiter-params/5.11.4/junit-jupiter-params-5.11.4.jar:/Users/ansafhassan/.m2/repository/org/junit/jupiter/junit-jupiter-engine/5.11.4/junit-jupiter-engine-5.11.4.jar:/Users/ansafhassan/.m2/repository/org/junit/platform/junit-platform-engine/1.11.4/junit-platform-engine-1.11.4.jar:/Users/ansafhassan/.m2/repository/org/mockito/mockito-core/5.14.2/mockito-core-5.14.2.jar:/Users/ansafhassan/.m2/repository/net/bytebuddy/byte-buddy-agent/1.15.11/byte-buddy-agent-1.15.11.jar:/Users/ansafhassan/.m2/repository/org/objenesis/objenesis/3.3/objenesis-3.3.jar:/Users/ansafhassan/.m2/repository/org/mockito/mockito-junit-jupiter/5.14.2/mockito-junit-jupiter-5.14.2.jar:/Users/ansafhassan/.m2/repository/org/skyscreamer/jsonassert/1.5.3/jsonassert-1.5.3.jar:/Users/ansafhassan/.m2/repository/com/vaadin/external/google/android-json/0.0.20131108.vaadin1/android-json-0.0.20131108.vaadin1.jar:/Users/ansafhassan/.m2/repository/org/springframework/spring-core/6.2.2/spring-core-6.2.2.jar:/Users/ansafhassan/.m2/repository/org/springframework/spring-jcl/6.2.2/spring-jcl-6.2.2.jar:/Users/ansafhassan/.m2/repository/org/springframework/spring-test/6.2.2/spring-test-6.2.2.jar:/Users/ansafhassan/.m2/repository/org/xmlunit/xmlunit-core/2.10.0/xmlunit-core-2.10.0.jar:"/>
    <property name="sun.cpu.endian" value="little"/>
    <property name="user.home" value="/Users/ansafhassan"/>
    <property name="user.language" value="en"/>
    <property name="java.specification.vendor" value="Oracle Corporation"/>
    <property name="java.version.date" value="2025-01-21"/>
    <property name="java.home" value="/usr/local/Cellar/openjdk/23.0.2/libexec/openjdk.jdk/Contents/Home"/>
    <property name="file.separator" value="/"/>
    <property name="basedir" value="/Users/ansafhassan/Documents/Semester VI/Software Engineering/Project/code/TimeTweak/backend"/>
    <property name="java.vm.compressedOopsMode" value="Zero based"/>
    <property name="line.separator" value="&#10;"/>
    <property name="java.vm.specification.vendor" value="Oracle Corporation"/>
    <property name="java.specification.name" value="Java Platform API Specification"/>
    <property name="FILE_LOG_CHARSET" value="UTF-8"/>
    <property name="java.awt.headless" value="true"/>
    <property name="apple.awt.application.name" value="ForkedBooter"/>
    <property name="surefire.real.class.path" value="/Users/ansafhassan/Documents/Semester VI/Software Engineering/Project/code/TimeTweak/backend/target/surefire/surefirebooter-20250408135723258_3.jar"/>
    <property name="sun.management.compiler" value="HotSpot 64-Bit Tiered Compilers"/>
    <property name="ftp.nonProxyHosts" value="local|*.local|169.254/16|*.169.254/16"/>
    <property name="java.runtime.version" value="23.0.2"/>
    <property name="user.name" value="ansafhassan"/>
    <property name="stdout.encoding" value="UTF-8"/>
    <property name="path.separator" value=":"/>
    <property name="os.version" value="14.5"/>
    <property name="java.runtime.name" value="OpenJDK Runtime Environment"/>
    <property name="file.encoding" value="UTF-8"/>
    <property name="java.vm.name" value="OpenJDK 64-Bit Server VM"/>
    <property name="java.vendor.version" value="Homebrew"/>
    <property name="localRepository" value="/Users/ansafhassan/.m2/repository"/>
    <property name="java.vendor.url.bug" value="https://github.com/Homebrew/homebrew-core/issues"/>
    <property name="java.io.tmpdir" value="/var/folders/3n/x1v8jfsj4g19fr5wrqxt1lpw0000gn/T/"/>
    <property name="com.zaxxer.hikari.pool_number" value="1"/>
    <property name="java.version" value="23.0.2"/>
    <property name="user.dir" value="/Users/ansafhassan/Documents/Semester VI/Software Engineering/Project/code/TimeTweak/backend"/>
    <property name="os.arch" value="x86_64"/>
    <property name="java.vm.specification.name" value="Java Virtual Machine Specification"/>
    <property name="PID" value="72654"/>
    <property name="CONSOLE_LOG_CHARSET" value="UTF-8"/>
    <property name="native.encoding" value="UTF-8"/>
    <property name="java.library.path" value="/Users/ansafhassan/Library/Java/Extensions:/Library/Java/Extensions:/Network/Library/Java/Extensions:/System/Library/Java/Extensions:/usr/lib/java:."/>
    <property name="java.vm.info" value="mixed mode, sharing"/>
    <property name="stderr.encoding" value="UTF-8"/>
    <property name="java.vendor" value="Homebrew"/>
    <property name="java.vm.version" value="23.0.2"/>
    <property name="sun.io.unicode.encoding" value="UnicodeBig"/>
    <property name="socksNonProxyHosts" value="local|*.local|169.254/16|*.169.254/16"/>
    <property name="java.class.version" value="67.0"/>
    <property name="LOGGED_APPLICATION_NAME" value="[backend] "/>
  </properties>
  <testcase name="contextLoads" classname="timetweak.backend.BackendApplicationTests" time="0.728">
    <system-out><![CDATA[13:57:24.440 [main] INFO org.springframework.test.context.support.AnnotationConfigContextLoaderUtils -- Could not detect default configuration classes for test class [timetweak.backend.BackendApplicationTests]: BackendApplicationTests does not declare any static, non-private, non-final, nested classes annotated with @Configuration.
13:57:24.621 [main] INFO org.springframework.boot.test.context.SpringBootTestContextBootstrapper -- Found @SpringBootConfiguration timetweak.backend.BackendApplication for test class timetweak.backend.BackendApplicationTests

  .   ____          _            __ _ _
 /\\ / ___'_ __ _ _(_)_ __  __ _ \ \ \ \
( ( )\___ | '_ | '_| | '_ \/ _` | \ \ \ \
 \\/  ___)| |_)| | | | | || (_| |  ) ) ) )
  '  |____| .__|_| |_|_| |_\__, | / / / /
 =========|_|==============|___/=/_/_/_/

 :: Spring Boot ::                (v3.4.2)

2025-04-08T13:57:25.188+05:30  INFO 72654 --- [backend] [           main] t.backend.BackendApplicationTests        : Starting BackendApplicationTests using Java 23.0.2 with PID 72654 (started by ansafhassan in /Users/ansafhassan/Documents/Semester VI/Software Engineering/Project/code/TimeTweak/backend)
2025-04-08T13:57:25.190+05:30  INFO 72654 --- [backend] [           main] t.backend.BackendApplicationTests        : No active profile set, falling back to 1 default profile: "default"
2025-04-08T13:57:26.462+05:30  INFO 72654 --- [backend] [           main] .s.d.r.c.RepositoryConfigurationDelegate : Bootstrapping Spring Data JPA repositories in DEFAULT mode.
2025-04-08T13:57:26.592+05:30  INFO 72654 --- [backend] [           main] .s.d.r.c.RepositoryConfigurationDelegate : Finished Spring Data repository scanning in 118 ms. Found 9 JPA repository interfaces.
2025-04-08T13:57:27.256+05:30  INFO 72654 --- [backend] [           main] o.hibernate.jpa.internal.util.LogHelper  : HHH000204: Processing PersistenceUnitInfo [name: default]
2025-04-08T13:57:27.303+05:30  INFO 72654 --- [backend] [           main] org.hibernate.Version                    : HHH000412: Hibernate ORM core version 6.6.5.Final
2025-04-08T13:57:27.344+05:30  INFO 72654 --- [backend] [           main] o.h.c.internal.RegionFactoryInitiator    : HHH000026: Second-level cache disabled
2025-04-08T13:57:27.821+05:30  INFO 72654 --- [backend] [           main] o.s.o.j.p.SpringPersistenceUnitInfo      : No LoadTimeWeaver setup: ignoring JPA class transformer
2025-04-08T13:57:27.870+05:30  INFO 72654 --- [backend] [           main] com.zaxxer.hikari.HikariDataSource       : HikariPool-1 - Starting...
2025-04-08T13:57:28.694+05:30  INFO 72654 --- [backend] [           main] com.zaxxer.hikari.pool.HikariPool        : HikariPool-1 - Added connection org.postgresql.jdbc.PgConnection@5f3f3d00
2025-04-08T13:57:28.696+05:30  INFO 72654 --- [backend] [           main] com.zaxxer.hikari.HikariDataSource       : HikariPool-1 - Start completed.
2025-04-08T13:57:28.756+05:30  WARN 72654 --- [backend] [           main] org.hibernate.orm.deprecation            : HHH90000025: PostgreSQLDialect does not need to be specified explicitly using 'hibernate.dialect' (remove the property setting and it will be selected by default)
2025-04-08T13:57:28.846+05:30  INFO 72654 --- [backend] [           main] org.hibernate.orm.connections.pooling    : HHH10001005: Database info:
	Database JDBC URL [Connecting through datasource 'HikariDataSource (HikariPool-1)']
	Database driver: undefined/unknown
	Database version: 16.8
	Autocommit mode: undefined/unknown
	Isolation level: undefined/unknown
	Minimum pool size: undefined/unknown
	Maximum pool size: undefined/unknown
2025-04-08T13:57:30.332+05:30  INFO 72654 --- [backend] [           main] o.h.e.t.j.p.i.JtaPlatformInitiator       : HHH000489: No JTA platform available (set 'hibernate.transaction.jta.platform' to enable JTA platform integration)
2025-04-08T13:57:32.967+05:30  INFO 72654 --- [backend] [           main] j.LocalContainerEntityManagerFactoryBean : Initialized JPA EntityManagerFactory for persistence unit 'default'
2025-04-08T13:57:33.882+05:30  WARN 72654 --- [backend] [           main] JpaBaseConfiguration$JpaWebConfiguration : spring.jpa.open-in-view is enabled by default. Therefore, database queries may be performed during view rendering. Explicitly configure spring.jpa.open-in-view to disable this warning
2025-04-08T13:57:34.336+05:30  INFO 72654 --- [backend] [           main] t.backend.BackendApplicationTests        : Started BackendApplicationTests in 9.548 seconds (process running for 10.98)
Hibernate: 
    select
        tte1_0.id,
        tte1_0.active,
        tte1_0.batch,
        tte1_0.branch,
        tte1_0.course_id,
        tte1_0.course_identifier,
        tte1_0.date,
        tte1_0.slot_id,
        tte1_0.slot_identifier,
        tte1_0.type 
    from
        time_table_entry tte1_0 
    where
        tte1_0.type=?
Hibernate: 
    select
        c1_0.id,
        c1_0.course_id,
        c1_0.description,
        f1_0.id,
        f1_1.password,
        f1_1.role,
        f1_1.username,
        f1_0.faculty_id,
        c1_0.title 
    from
        course c1_0 
    left join
        faculty f1_0 
            on f1_0.id=c1_0.faculty_id 
    left join
        people f1_1 
            on f1_0.id=f1_1.id 
    where
        c1_0.id=?
Hibernate: 
    select
        s1_0.id,
        s1_0.name 
    from
        slot s1_0 
    where
        s1_0.id=?
Hibernate: 
    select
        c1_0.id,
        c1_0.course_id,
        c1_0.description,
        f1_0.id,
        f1_1.password,
        f1_1.role,
        f1_1.username,
        f1_0.faculty_id,
        c1_0.title 
    from
        course c1_0 
    left join
        faculty f1_0 
            on f1_0.id=c1_0.faculty_id 
    left join
        people f1_1 
            on f1_0.id=f1_1.id 
    where
        c1_0.id=?
Hibernate: 
    select
        s1_0.id,
        s1_0.name 
    from
        slot s1_0 
    where
        s1_0.id=?
Hibernate: 
    select
        c1_0.id,
        c1_0.course_id,
        c1_0.description,
        f1_0.id,
        f1_1.password,
        f1_1.role,
        f1_1.username,
        f1_0.faculty_id,
        c1_0.title 
    from
        course c1_0 
    left join
        faculty f1_0 
            on f1_0.id=c1_0.faculty_id 
    left join
        people f1_1 
            on f1_0.id=f1_1.id 
    where
        c1_0.id=?
Hibernate: 
    select
        s1_0.id,
        s1_0.name 
    from
        slot s1_0 
    where
        s1_0.id=?
Hibernate: 
    select
        c1_0.id,
        c1_0.course_id,
        c1_0.description,
        f1_0.id,
        f1_1.password,
        f1_1.role,
        f1_1.username,
        f1_0.faculty_id,
        c1_0.title 
    from
        course c1_0 
    left join
        faculty f1_0 
            on f1_0.id=c1_0.faculty_id 
    left join
        people f1_1 
            on f1_0.id=f1_1.id 
    where
        c1_0.id=?
Hibernate: 
    select
        s1_0.id,
        s1_0.name 
    from
        slot s1_0 
    where
        s1_0.id=?
Hibernate: 
    select
        c1_0.id,
        c1_0.course_id,
        c1_0.description,
        f1_0.id,
        f1_1.password,
        f1_1.role,
        f1_1.username,
        f1_0.faculty_id,
        c1_0.title 
    from
        course c1_0 
    left join
        faculty f1_0 
            on f1_0.id=c1_0.faculty_id 
    left join
        people f1_1 
            on f1_0.id=f1_1.id 
    where
        c1_0.id=?
Hibernate: 
    select
        s1_0.id,
        s1_0.name 
    from
        slot s1_0 
    where
        s1_0.id=?
Hibernate: 
    select
        c1_0.id,
        c1_0.course_id,
        c1_0.description,
        f1_0.id,
        f1_1.password,
        f1_1.role,
        f1_1.username,
        f1_0.faculty_id,
        c1_0.title 
    from
        course c1_0 
    left join
        faculty f1_0 
            on f1_0.id=c1_0.faculty_id 
    left join
        people f1_1 
            on f1_0.id=f1_1.id 
    where
        c1_0.id=?
Hibernate: 
    select
        s1_0.id,
        s1_0.name 
    from
        slot s1_0 
    where
        s1_0.id=?
Hibernate: 
    select
        tte1_0.id,
        tte1_0.active,
        tte1_0.batch,
        tte1_0.branch,
        c1_0.id,
        c1_0.course_id,
        c1_0.description,
        f1_0.id,
        f1_1.password,
        f1_1.role,
        f1_1.username,
        f1_0.faculty_id,
        al1_0.faculty_id,
        al1_0.id,
        al1_0.app_id,
        c2_0.id,
        case 
            when c2_1.id is not null 
                then 2 
            when c2_0.id is not null 
                then 1 
            when c2_2.id is not null 
                then 0 
        end,
        c2_2.password,
        c2_2.role,
        c2_2.username,
        c2_0.batch,
        c2_0.branch,
        c2_0.reg_no,
        c2_1.course,
        al1_0.client_identifier,
        al1_0.client_name,
        al1_0.date,
        al1_0.reason,
        al1_0.recipient_identifier,
        al1_0.recipient_name,
        al1_0.slot,
        al1_0.status,
        c1_0.title,
        tte1_0.course_identifier,
        tte1_0.date,
        s1_0.id,
        s1_0.name,
        tte1_0.slot_identifier,
        tte1_0.type 
    from
        time_table_entry tte1_0 
    left join
        course c1_0 
            on c1_0.id=tte1_0.course_id 
    left join
        faculty f1_0 
            on f1_0.id=c1_0.faculty_id 
    left join
        people f1_1 
            on f1_0.id=f1_1.id 
    left join
        appointment al1_0 
            on f1_0.id=al1_0.faculty_id 
    left join
        student c2_0 
            on c2_0.id=al1_0.student_id 
    left join
        class_rep c2_1 
            on c2_0.id=c2_1.id 
    left join
        people c2_2 
            on c2_0.id=c2_2.id 
    left join
        slot s1_0 
            on s1_0.id=tte1_0.slot_id 
    where
        tte1_0.id=?
Hibernate: 
    select
        tte1_0.course_id,
        tte1_0.id,
        tte1_0.active,
        tte1_0.batch,
        tte1_0.branch,
        tte1_0.course_identifier,
        tte1_0.date,
        s1_0.id,
        s1_0.name,
        tte1_0.slot_identifier,
        tte1_0.type 
    from
        time_table_entry tte1_0 
    left join
        slot s1_0 
            on s1_0.id=tte1_0.slot_id 
    where
        tte1_0.course_id=?
Hibernate: 
    select
        cl1_0.faculty_id,
        cl1_0.id,
        cl1_0.course_id,
        cl1_0.description,
        cl1_0.title 
    from
        course cl1_0 
    where
        cl1_0.faculty_id=?
Hibernate: 
    select
        es1_0.course_id,
        es1_1.id,
        case 
            when es1_2.id is not null 
                then 2 
            when es1_1.id is not null 
                then 1 
            when es1_3.id is not null 
                then 0 
        end,
        es1_3.password,
        es1_3.role,
        es1_3.username,
        es1_1.batch,
        es1_1.branch,
        es1_1.reg_no,
        es1_2.course 
    from
        student_courses es1_0 
    join
        student es1_1 
            on es1_1.id=es1_0.student_id 
    left join
        class_rep es1_2 
            on es1_1.id=es1_2.id 
    join
        people es1_3 
            on es1_1.id=es1_3.id 
    where
        es1_0.course_id=?
Hibernate: 
    select
        tte1_0.id,
        tte1_0.active,
        tte1_0.batch,
        tte1_0.branch,
        c1_0.id,
        c1_0.course_id,
        c1_0.description,
        f1_0.id,
        f1_1.password,
        f1_1.role,
        f1_1.username,
        f1_0.faculty_id,
        al1_0.faculty_id,
        al1_0.id,
        al1_0.app_id,
        c2_0.id,
        case 
            when c2_1.id is not null 
                then 2 
            when c2_0.id is not null 
                then 1 
            when c2_2.id is not null 
                then 0 
        end,
        c2_2.password,
        c2_2.role,
        c2_2.username,
        c2_0.batch,
        c2_0.branch,
        c2_0.reg_no,
        c2_1.course,
        al1_0.client_identifier,
        al1_0.client_name,
        al1_0.date,
        al1_0.reason,
        al1_0.recipient_identifier,
        al1_0.recipient_name,
        al1_0.slot,
        al1_0.status,
        c1_0.title,
        tte1_0.course_identifier,
        tte1_0.date,
        s1_0.id,
        s1_0.name,
        tte1_0.slot_identifier,
        tte1_0.type 
    from
        time_table_entry tte1_0 
    left join
        course c1_0 
            on c1_0.id=tte1_0.course_id 
    left join
        faculty f1_0 
            on f1_0.id=c1_0.faculty_id 
    left join
        people f1_1 
            on f1_0.id=f1_1.id 
    left join
        appointment al1_0 
            on f1_0.id=al1_0.faculty_id 
    left join
        student c2_0 
            on c2_0.id=al1_0.student_id 
    left join
        class_rep c2_1 
            on c2_0.id=c2_1.id 
    left join
        people c2_2 
            on c2_0.id=c2_2.id 
    left join
        slot s1_0 
            on s1_0.id=tte1_0.slot_id 
    where
        tte1_0.id=?
Hibernate: 
    select
        tte1_0.course_id,
        tte1_0.id,
        tte1_0.active,
        tte1_0.batch,
        tte1_0.branch,
        tte1_0.course_identifier,
        tte1_0.date,
        s1_0.id,
        s1_0.name,
        tte1_0.slot_identifier,
        tte1_0.type 
    from
        time_table_entry tte1_0 
    left join
        slot s1_0 
            on s1_0.id=tte1_0.slot_id 
    where
        tte1_0.course_id=?
Hibernate: 
    select
        cl1_0.faculty_id,
        cl1_0.id,
        cl1_0.course_id,
        cl1_0.description,
        cl1_0.title 
    from
        course cl1_0 
    where
        cl1_0.faculty_id=?
Hibernate: 
    select
        es1_0.course_id,
        es1_1.id,
        case 
            when es1_2.id is not null 
                then 2 
            when es1_1.id is not null 
                then 1 
            when es1_3.id is not null 
                then 0 
        end,
        es1_3.password,
        es1_3.role,
        es1_3.username,
        es1_1.batch,
        es1_1.branch,
        es1_1.reg_no,
        es1_2.course 
    from
        student_courses es1_0 
    join
        student es1_1 
            on es1_1.id=es1_0.student_id 
    left join
        class_rep es1_2 
            on es1_1.id=es1_2.id 
    join
        people es1_3 
            on es1_1.id=es1_3.id 
    where
        es1_0.course_id=?
Hibernate: 
    select
        tte1_0.id,
        tte1_0.active,
        tte1_0.batch,
        tte1_0.branch,
        c1_0.id,
        c1_0.course_id,
        c1_0.description,
        f1_0.id,
        f1_1.password,
        f1_1.role,
        f1_1.username,
        f1_0.faculty_id,
        al1_0.faculty_id,
        al1_0.id,
        al1_0.app_id,
        c2_0.id,
        case 
            when c2_1.id is not null 
                then 2 
            when c2_0.id is not null 
                then 1 
            when c2_2.id is not null 
                then 0 
        end,
        c2_2.password,
        c2_2.role,
        c2_2.username,
        c2_0.batch,
        c2_0.branch,
        c2_0.reg_no,
        c2_1.course,
        al1_0.client_identifier,
        al1_0.client_name,
        al1_0.date,
        al1_0.reason,
        al1_0.recipient_identifier,
        al1_0.recipient_name,
        al1_0.slot,
        al1_0.status,
        c1_0.title,
        tte1_0.course_identifier,
        tte1_0.date,
        s1_0.id,
        s1_0.name,
        tte1_0.slot_identifier,
        tte1_0.type 
    from
        time_table_entry tte1_0 
    left join
        course c1_0 
            on c1_0.id=tte1_0.course_id 
    left join
        faculty f1_0 
            on f1_0.id=c1_0.faculty_id 
    left join
        people f1_1 
            on f1_0.id=f1_1.id 
    left join
        appointment al1_0 
            on f1_0.id=al1_0.faculty_id 
    left join
        student c2_0 
            on c2_0.id=al1_0.student_id 
    left join
        class_rep c2_1 
            on c2_0.id=c2_1.id 
    left join
        people c2_2 
            on c2_0.id=c2_2.id 
    left join
        slot s1_0 
            on s1_0.id=tte1_0.slot_id 
    where
        tte1_0.id=?
Hibernate: 
    select
        tte1_0.course_id,
        tte1_0.id,
        tte1_0.active,
        tte1_0.batch,
        tte1_0.branch,
        tte1_0.course_identifier,
        tte1_0.date,
        s1_0.id,
        s1_0.name,
        tte1_0.slot_identifier,
        tte1_0.type 
    from
        time_table_entry tte1_0 
    left join
        slot s1_0 
            on s1_0.id=tte1_0.slot_id 
    where
        tte1_0.course_id=?
Hibernate: 
    select
        cl1_0.faculty_id,
        cl1_0.id,
        cl1_0.course_id,
        cl1_0.description,
        cl1_0.title 
    from
        course cl1_0 
    where
        cl1_0.faculty_id=?
Hibernate: 
    select
        es1_0.course_id,
        es1_1.id,
        case 
            when es1_2.id is not null 
                then 2 
            when es1_1.id is not null 
                then 1 
            when es1_3.id is not null 
                then 0 
        end,
        es1_3.password,
        es1_3.role,
        es1_3.username,
        es1_1.batch,
        es1_1.branch,
        es1_1.reg_no,
        es1_2.course 
    from
        student_courses es1_0 
    join
        student es1_1 
            on es1_1.id=es1_0.student_id 
    left join
        class_rep es1_2 
            on es1_1.id=es1_2.id 
    join
        people es1_3 
            on es1_1.id=es1_3.id 
    where
        es1_0.course_id=?
Hibernate: 
    select
        tte1_0.id,
        tte1_0.active,
        tte1_0.batch,
        tte1_0.branch,
        c1_0.id,
        c1_0.course_id,
        c1_0.description,
        f1_0.id,
        f1_1.password,
        f1_1.role,
        f1_1.username,
        f1_0.faculty_id,
        al1_0.faculty_id,
        al1_0.id,
        al1_0.app_id,
        c2_0.id,
        case 
            when c2_1.id is not null 
                then 2 
            when c2_0.id is not null 
                then 1 
            when c2_2.id is not null 
                then 0 
        end,
        c2_2.password,
        c2_2.role,
        c2_2.username,
        c2_0.batch,
        c2_0.branch,
        c2_0.reg_no,
        c2_1.course,
        al1_0.client_identifier,
        al1_0.client_name,
        al1_0.date,
        al1_0.reason,
        al1_0.recipient_identifier,
        al1_0.recipient_name,
        al1_0.slot,
        al1_0.status,
        c1_0.title,
        tte1_0.course_identifier,
        tte1_0.date,
        s1_0.id,
        s1_0.name,
        tte1_0.slot_identifier,
        tte1_0.type 
    from
        time_table_entry tte1_0 
    left join
        course c1_0 
            on c1_0.id=tte1_0.course_id 
    left join
        faculty f1_0 
            on f1_0.id=c1_0.faculty_id 
    left join
        people f1_1 
            on f1_0.id=f1_1.id 
    left join
        appointment al1_0 
            on f1_0.id=al1_0.faculty_id 
    left join
        student c2_0 
            on c2_0.id=al1_0.student_id 
    left join
        class_rep c2_1 
            on c2_0.id=c2_1.id 
    left join
        people c2_2 
            on c2_0.id=c2_2.id 
    left join
        slot s1_0 
            on s1_0.id=tte1_0.slot_id 
    where
        tte1_0.id=?
Hibernate: 
    select
        tte1_0.course_id,
        tte1_0.id,
        tte1_0.active,
        tte1_0.batch,
        tte1_0.branch,
        tte1_0.course_identifier,
        tte1_0.date,
        s1_0.id,
        s1_0.name,
        tte1_0.slot_identifier,
        tte1_0.type 
    from
        time_table_entry tte1_0 
    left join
        slot s1_0 
            on s1_0.id=tte1_0.slot_id 
    where
        tte1_0.course_id=?
Hibernate: 
    select
        cl1_0.faculty_id,
        cl1_0.id,
        cl1_0.course_id,
        cl1_0.description,
        cl1_0.title 
    from
        course cl1_0 
    where
        cl1_0.faculty_id=?
Hibernate: 
    select
        es1_0.course_id,
        es1_1.id,
        case 
            when es1_2.id is not null 
                then 2 
            when es1_1.id is not null 
                then 1 
            when es1_3.id is not null 
                then 0 
        end,
        es1_3.password,
        es1_3.role,
        es1_3.username,
        es1_1.batch,
        es1_1.branch,
        es1_1.reg_no,
        es1_2.course 
    from
        student_courses es1_0 
    join
        student es1_1 
            on es1_1.id=es1_0.student_id 
    left join
        class_rep es1_2 
            on es1_1.id=es1_2.id 
    join
        people es1_3 
            on es1_1.id=es1_3.id 
    where
        es1_0.course_id=?
Hibernate: 
    select
        tte1_0.id,
        tte1_0.active,
        tte1_0.batch,
        tte1_0.branch,
        c1_0.id,
        c1_0.course_id,
        c1_0.description,
        f1_0.id,
        f1_1.password,
        f1_1.role,
        f1_1.username,
        f1_0.faculty_id,
        al1_0.faculty_id,
        al1_0.id,
        al1_0.app_id,
        c2_0.id,
        case 
            when c2_1.id is not null 
                then 2 
            when c2_0.id is not null 
                then 1 
            when c2_2.id is not null 
                then 0 
        end,
        c2_2.password,
        c2_2.role,
        c2_2.username,
        c2_0.batch,
        c2_0.branch,
        c2_0.reg_no,
        c2_1.course,
        al1_0.client_identifier,
        al1_0.client_name,
        al1_0.date,
        al1_0.reason,
        al1_0.recipient_identifier,
        al1_0.recipient_name,
        al1_0.slot,
        al1_0.status,
        c1_0.title,
        tte1_0.course_identifier,
        tte1_0.date,
        s1_0.id,
        s1_0.name,
        tte1_0.slot_identifier,
        tte1_0.type 
    from
        time_table_entry tte1_0 
    left join
        course c1_0 
            on c1_0.id=tte1_0.course_id 
    left join
        faculty f1_0 
            on f1_0.id=c1_0.faculty_id 
    left join
        people f1_1 
            on f1_0.id=f1_1.id 
    left join
        appointment al1_0 
            on f1_0.id=al1_0.faculty_id 
    left join
        student c2_0 
            on c2_0.id=al1_0.student_id 
    left join
        class_rep c2_1 
            on c2_0.id=c2_1.id 
    left join
        people c2_2 
            on c2_0.id=c2_2.id 
    left join
        slot s1_0 
            on s1_0.id=tte1_0.slot_id 
    where
        tte1_0.id=?
Hibernate: 
    select
        tte1_0.course_id,
        tte1_0.id,
        tte1_0.active,
        tte1_0.batch,
        tte1_0.branch,
        tte1_0.course_identifier,
        tte1_0.date,
        s1_0.id,
        s1_0.name,
        tte1_0.slot_identifier,
        tte1_0.type 
    from
        time_table_entry tte1_0 
    left join
        slot s1_0 
            on s1_0.id=tte1_0.slot_id 
    where
        tte1_0.course_id=?
Hibernate: 
    select
        cl1_0.faculty_id,
        cl1_0.id,
        cl1_0.course_id,
        cl1_0.description,
        cl1_0.title 
    from
        course cl1_0 
    where
        cl1_0.faculty_id=?
Hibernate: 
    select
        es1_0.course_id,
        es1_1.id,
        case 
            when es1_2.id is not null 
                then 2 
            when es1_1.id is not null 
                then 1 
            when es1_3.id is not null 
                then 0 
        end,
        es1_3.password,
        es1_3.role,
        es1_3.username,
        es1_1.batch,
        es1_1.branch,
        es1_1.reg_no,
        es1_2.course 
    from
        student_courses es1_0 
    join
        student es1_1 
            on es1_1.id=es1_0.student_id 
    left join
        class_rep es1_2 
            on es1_1.id=es1_2.id 
    join
        people es1_3 
            on es1_1.id=es1_3.id 
    where
        es1_0.course_id=?
Hibernate: 
    select
        tte1_0.id,
        tte1_0.active,
        tte1_0.batch,
        tte1_0.branch,
        c1_0.id,
        c1_0.course_id,
        c1_0.description,
        f1_0.id,
        f1_1.password,
        f1_1.role,
        f1_1.username,
        f1_0.faculty_id,
        al1_0.faculty_id,
        al1_0.id,
        al1_0.app_id,
        c2_0.id,
        case 
            when c2_1.id is not null 
                then 2 
            when c2_0.id is not null 
                then 1 
            when c2_2.id is not null 
                then 0 
        end,
        c2_2.password,
        c2_2.role,
        c2_2.username,
        c2_0.batch,
        c2_0.branch,
        c2_0.reg_no,
        c2_1.course,
        al1_0.client_identifier,
        al1_0.client_name,
        al1_0.date,
        al1_0.reason,
        al1_0.recipient_identifier,
        al1_0.recipient_name,
        al1_0.slot,
        al1_0.status,
        c1_0.title,
        tte1_0.course_identifier,
        tte1_0.date,
        s1_0.id,
        s1_0.name,
        tte1_0.slot_identifier,
        tte1_0.type 
    from
        time_table_entry tte1_0 
    left join
        course c1_0 
            on c1_0.id=tte1_0.course_id 
    left join
        faculty f1_0 
            on f1_0.id=c1_0.faculty_id 
    left join
        people f1_1 
            on f1_0.id=f1_1.id 
    left join
        appointment al1_0 
            on f1_0.id=al1_0.faculty_id 
    left join
        student c2_0 
            on c2_0.id=al1_0.student_id 
    left join
        class_rep c2_1 
            on c2_0.id=c2_1.id 
    left join
        people c2_2 
            on c2_0.id=c2_2.id 
    left join
        slot s1_0 
            on s1_0.id=tte1_0.slot_id 
    where
        tte1_0.id=?
Hibernate: 
    select
        tte1_0.course_id,
        tte1_0.id,
        tte1_0.active,
        tte1_0.batch,
        tte1_0.branch,
        tte1_0.course_identifier,
        tte1_0.date,
        s1_0.id,
        s1_0.name,
        tte1_0.slot_identifier,
        tte1_0.type 
    from
        time_table_entry tte1_0 
    left join
        slot s1_0 
            on s1_0.id=tte1_0.slot_id 
    where
        tte1_0.course_id=?
Hibernate: 
    select
        cl1_0.faculty_id,
        cl1_0.id,
        cl1_0.course_id,
        cl1_0.description,
        cl1_0.title 
    from
        course cl1_0 
    where
        cl1_0.faculty_id=?
Hibernate: 
    select
        es1_0.course_id,
        es1_1.id,
        case 
            when es1_2.id is not null 
                then 2 
            when es1_1.id is not null 
                then 1 
            when es1_3.id is not null 
                then 0 
        end,
        es1_3.password,
        es1_3.role,
        es1_3.username,
        es1_1.batch,
        es1_1.branch,
        es1_1.reg_no,
        es1_2.course 
    from
        student_courses es1_0 
    join
        student es1_1 
            on es1_1.id=es1_0.student_id 
    left join
        class_rep es1_2 
            on es1_1.id=es1_2.id 
    join
        people es1_3 
            on es1_1.id=es1_3.id 
    where
        es1_0.course_id=?
Hibernate: 
    select
        tte1_0.id,
        tte1_0.active,
        tte1_0.batch,
        tte1_0.branch,
        c1_0.id,
        c1_0.course_id,
        c1_0.description,
        f1_0.id,
        f1_1.password,
        f1_1.role,
        f1_1.username,
        f1_0.faculty_id,
        al1_0.faculty_id,
        al1_0.id,
        al1_0.app_id,
        c2_0.id,
        case 
            when c2_1.id is not null 
                then 2 
            when c2_0.id is not null 
                then 1 
            when c2_2.id is not null 
                then 0 
        end,
        c2_2.password,
        c2_2.role,
        c2_2.username,
        c2_0.batch,
        c2_0.branch,
        c2_0.reg_no,
        c2_1.course,
        al1_0.client_identifier,
        al1_0.client_name,
        al1_0.date,
        al1_0.reason,
        al1_0.recipient_identifier,
        al1_0.recipient_name,
        al1_0.slot,
        al1_0.status,
        c1_0.title,
        tte1_0.course_identifier,
        tte1_0.date,
        s1_0.id,
        s1_0.name,
        tte1_0.slot_identifier,
        tte1_0.type 
    from
        time_table_entry tte1_0 
    left join
        course c1_0 
            on c1_0.id=tte1_0.course_id 
    left join
        faculty f1_0 
            on f1_0.id=c1_0.faculty_id 
    left join
        people f1_1 
            on f1_0.id=f1_1.id 
    left join
        appointment al1_0 
            on f1_0.id=al1_0.faculty_id 
    left join
        student c2_0 
            on c2_0.id=al1_0.student_id 
    left join
        class_rep c2_1 
            on c2_0.id=c2_1.id 
    left join
        people c2_2 
            on c2_0.id=c2_2.id 
    left join
        slot s1_0 
            on s1_0.id=tte1_0.slot_id 
    where
        tte1_0.id=?
Hibernate: 
    select
        tte1_0.course_id,
        tte1_0.id,
        tte1_0.active,
        tte1_0.batch,
        tte1_0.branch,
        tte1_0.course_identifier,
        tte1_0.date,
        s1_0.id,
        s1_0.name,
        tte1_0.slot_identifier,
        tte1_0.type 
    from
        time_table_entry tte1_0 
    left join
        slot s1_0 
            on s1_0.id=tte1_0.slot_id 
    where
        tte1_0.course_id=?
Hibernate: 
    select
        cl1_0.faculty_id,
        cl1_0.id,
        cl1_0.course_id,
        cl1_0.description,
        cl1_0.title 
    from
        course cl1_0 
    where
        cl1_0.faculty_id=?
Hibernate: 
    select
        es1_0.course_id,
        es1_1.id,
        case 
            when es1_2.id is not null 
                then 2 
            when es1_1.id is not null 
                then 1 
            when es1_3.id is not null 
                then 0 
        end,
        es1_3.password,
        es1_3.role,
        es1_3.username,
        es1_1.batch,
        es1_1.branch,
        es1_1.reg_no,
        es1_2.course 
    from
        student_courses es1_0 
    join
        student es1_1 
            on es1_1.id=es1_0.student_id 
    left join
        class_rep es1_2 
            on es1_1.id=es1_2.id 
    join
        people es1_3 
            on es1_1.id=es1_3.id 
    where
        es1_0.course_id=?
Hibernate: 
    select
        tte1_0.id,
        tte1_0.active,
        tte1_0.batch,
        tte1_0.branch,
        c1_0.id,
        c1_0.course_id,
        c1_0.description,
        f1_0.id,
        f1_1.password,
        f1_1.role,
        f1_1.username,
        f1_0.faculty_id,
        al1_0.faculty_id,
        al1_0.id,
        al1_0.app_id,
        c2_0.id,
        case 
            when c2_1.id is not null 
                then 2 
            when c2_0.id is not null 
                then 1 
            when c2_2.id is not null 
                then 0 
        end,
        c2_2.password,
        c2_2.role,
        c2_2.username,
        c2_0.batch,
        c2_0.branch,
        c2_0.reg_no,
        c2_1.course,
        al1_0.client_identifier,
        al1_0.client_name,
        al1_0.date,
        al1_0.reason,
        al1_0.recipient_identifier,
        al1_0.recipient_name,
        al1_0.slot,
        al1_0.status,
        c1_0.title,
        tte1_0.course_identifier,
        tte1_0.date,
        s1_0.id,
        s1_0.name,
        tte1_0.slot_identifier,
        tte1_0.type 
    from
        time_table_entry tte1_0 
    left join
        course c1_0 
            on c1_0.id=tte1_0.course_id 
    left join
        faculty f1_0 
            on f1_0.id=c1_0.faculty_id 
    left join
        people f1_1 
            on f1_0.id=f1_1.id 
    left join
        appointment al1_0 
            on f1_0.id=al1_0.faculty_id 
    left join
        student c2_0 
            on c2_0.id=al1_0.student_id 
    left join
        class_rep c2_1 
            on c2_0.id=c2_1.id 
    left join
        people c2_2 
            on c2_0.id=c2_2.id 
    left join
        slot s1_0 
            on s1_0.id=tte1_0.slot_id 
    where
        tte1_0.id=?
Hibernate: 
    select
        tte1_0.course_id,
        tte1_0.id,
        tte1_0.active,
        tte1_0.batch,
        tte1_0.branch,
        tte1_0.course_identifier,
        tte1_0.date,
        s1_0.id,
        s1_0.name,
        tte1_0.slot_identifier,
        tte1_0.type 
    from
        time_table_entry tte1_0 
    left join
        slot s1_0 
            on s1_0.id=tte1_0.slot_id 
    where
        tte1_0.course_id=?
Hibernate: 
    select
        cl1_0.faculty_id,
        cl1_0.id,
        cl1_0.course_id,
        cl1_0.description,
        cl1_0.title 
    from
        course cl1_0 
    where
        cl1_0.faculty_id=?
Hibernate: 
    select
        es1_0.course_id,
        es1_1.id,
        case 
            when es1_2.id is not null 
                then 2 
            when es1_1.id is not null 
                then 1 
            when es1_3.id is not null 
                then 0 
        end,
        es1_3.password,
        es1_3.role,
        es1_3.username,
        es1_1.batch,
        es1_1.branch,
        es1_1.reg_no,
        es1_2.course 
    from
        student_courses es1_0 
    join
        student es1_1 
            on es1_1.id=es1_0.student_id 
    left join
        class_rep es1_2 
            on es1_1.id=es1_2.id 
    join
        people es1_3 
            on es1_1.id=es1_3.id 
    where
        es1_0.course_id=?
Hibernate: 
    select
        tte1_0.id,
        tte1_0.active,
        tte1_0.batch,
        tte1_0.branch,
        c1_0.id,
        c1_0.course_id,
        c1_0.description,
        f1_0.id,
        f1_1.password,
        f1_1.role,
        f1_1.username,
        f1_0.faculty_id,
        al1_0.faculty_id,
        al1_0.id,
        al1_0.app_id,
        c2_0.id,
        case 
            when c2_1.id is not null 
                then 2 
            when c2_0.id is not null 
                then 1 
            when c2_2.id is not null 
                then 0 
        end,
        c2_2.password,
        c2_2.role,
        c2_2.username,
        c2_0.batch,
        c2_0.branch,
        c2_0.reg_no,
        c2_1.course,
        al1_0.client_identifier,
        al1_0.client_name,
        al1_0.date,
        al1_0.reason,
        al1_0.recipient_identifier,
        al1_0.recipient_name,
        al1_0.slot,
        al1_0.status,
        c1_0.title,
        tte1_0.course_identifier,
        tte1_0.date,
        s1_0.id,
        s1_0.name,
        tte1_0.slot_identifier,
        tte1_0.type 
    from
        time_table_entry tte1_0 
    left join
        course c1_0 
            on c1_0.id=tte1_0.course_id 
    left join
        faculty f1_0 
            on f1_0.id=c1_0.faculty_id 
    left join
        people f1_1 
            on f1_0.id=f1_1.id 
    left join
        appointment al1_0 
            on f1_0.id=al1_0.faculty_id 
    left join
        student c2_0 
            on c2_0.id=al1_0.student_id 
    left join
        class_rep c2_1 
            on c2_0.id=c2_1.id 
    left join
        people c2_2 
            on c2_0.id=c2_2.id 
    left join
        slot s1_0 
            on s1_0.id=tte1_0.slot_id 
    where
        tte1_0.id=?
Hibernate: 
    select
        tte1_0.course_id,
        tte1_0.id,
        tte1_0.active,
        tte1_0.batch,
        tte1_0.branch,
        tte1_0.course_identifier,
        tte1_0.date,
        s1_0.id,
        s1_0.name,
        tte1_0.slot_identifier,
        tte1_0.type 
    from
        time_table_entry tte1_0 
    left join
        slot s1_0 
            on s1_0.id=tte1_0.slot_id 
    where
        tte1_0.course_id=?
Hibernate: 
    select
        cl1_0.faculty_id,
        cl1_0.id,
        cl1_0.course_id,
        cl1_0.description,
        cl1_0.title 
    from
        course cl1_0 
    where
        cl1_0.faculty_id=?
Hibernate: 
    select
        es1_0.course_id,
        es1_1.id,
        case 
            when es1_2.id is not null 
                then 2 
            when es1_1.id is not null 
                then 1 
            when es1_3.id is not null 
                then 0 
        end,
        es1_3.password,
        es1_3.role,
        es1_3.username,
        es1_1.batch,
        es1_1.branch,
        es1_1.reg_no,
        es1_2.course 
    from
        student_courses es1_0 
    join
        student es1_1 
            on es1_1.id=es1_0.student_id 
    left join
        class_rep es1_2 
            on es1_1.id=es1_2.id 
    join
        people es1_3 
            on es1_1.id=es1_3.id 
    where
        es1_0.course_id=?
Hibernate: 
    select
        tte1_0.id,
        tte1_0.active,
        tte1_0.batch,
        tte1_0.branch,
        c1_0.id,
        c1_0.course_id,
        c1_0.description,
        f1_0.id,
        f1_1.password,
        f1_1.role,
        f1_1.username,
        f1_0.faculty_id,
        al1_0.faculty_id,
        al1_0.id,
        al1_0.app_id,
        c2_0.id,
        case 
            when c2_1.id is not null 
                then 2 
            when c2_0.id is not null 
                then 1 
            when c2_2.id is not null 
                then 0 
        end,
        c2_2.password,
        c2_2.role,
        c2_2.username,
        c2_0.batch,
        c2_0.branch,
        c2_0.reg_no,
        c2_1.course,
        al1_0.client_identifier,
        al1_0.client_name,
        al1_0.date,
        al1_0.reason,
        al1_0.recipient_identifier,
        al1_0.recipient_name,
        al1_0.slot,
        al1_0.status,
        c1_0.title,
        tte1_0.course_identifier,
        tte1_0.date,
        s1_0.id,
        s1_0.name,
        tte1_0.slot_identifier,
        tte1_0.type 
    from
        time_table_entry tte1_0 
    left join
        course c1_0 
            on c1_0.id=tte1_0.course_id 
    left join
        faculty f1_0 
            on f1_0.id=c1_0.faculty_id 
    left join
        people f1_1 
            on f1_0.id=f1_1.id 
    left join
        appointment al1_0 
            on f1_0.id=al1_0.faculty_id 
    left join
        student c2_0 
            on c2_0.id=al1_0.student_id 
    left join
        class_rep c2_1 
            on c2_0.id=c2_1.id 
    left join
        people c2_2 
            on c2_0.id=c2_2.id 
    left join
        slot s1_0 
            on s1_0.id=tte1_0.slot_id 
    where
        tte1_0.id=?
Hibernate: 
    select
        tte1_0.course_id,
        tte1_0.id,
        tte1_0.active,
        tte1_0.batch,
        tte1_0.branch,
        tte1_0.course_identifier,
        tte1_0.date,
        s1_0.id,
        s1_0.name,
        tte1_0.slot_identifier,
        tte1_0.type 
    from
        time_table_entry tte1_0 
    left join
        slot s1_0 
            on s1_0.id=tte1_0.slot_id 
    where
        tte1_0.course_id=?
Hibernate: 
    select
        cl1_0.faculty_id,
        cl1_0.id,
        cl1_0.course_id,
        cl1_0.description,
        cl1_0.title 
    from
        course cl1_0 
    where
        cl1_0.faculty_id=?
Hibernate: 
    select
        es1_0.course_id,
        es1_1.id,
        case 
            when es1_2.id is not null 
                then 2 
            when es1_1.id is not null 
                then 1 
            when es1_3.id is not null 
                then 0 
        end,
        es1_3.password,
        es1_3.role,
        es1_3.username,
        es1_1.batch,
        es1_1.branch,
        es1_1.reg_no,
        es1_2.course 
    from
        student_courses es1_0 
    join
        student es1_1 
            on es1_1.id=es1_0.student_id 
    left join
        class_rep es1_2 
            on es1_1.id=es1_2.id 
    join
        people es1_3 
            on es1_1.id=es1_3.id 
    where
        es1_0.course_id=?
Hibernate: 
    select
        tte1_0.id,
        tte1_0.active,
        tte1_0.batch,
        tte1_0.branch,
        c1_0.id,
        c1_0.course_id,
        c1_0.description,
        f1_0.id,
        f1_1.password,
        f1_1.role,
        f1_1.username,
        f1_0.faculty_id,
        al1_0.faculty_id,
        al1_0.id,
        al1_0.app_id,
        c2_0.id,
        case 
            when c2_1.id is not null 
                then 2 
            when c2_0.id is not null 
                then 1 
            when c2_2.id is not null 
                then 0 
        end,
        c2_2.password,
        c2_2.role,
        c2_2.username,
        c2_0.batch,
        c2_0.branch,
        c2_0.reg_no,
        c2_1.course,
        al1_0.client_identifier,
        al1_0.client_name,
        al1_0.date,
        al1_0.reason,
        al1_0.recipient_identifier,
        al1_0.recipient_name,
        al1_0.slot,
        al1_0.status,
        c1_0.title,
        tte1_0.course_identifier,
        tte1_0.date,
        s1_0.id,
        s1_0.name,
        tte1_0.slot_identifier,
        tte1_0.type 
    from
        time_table_entry tte1_0 
    left join
        course c1_0 
            on c1_0.id=tte1_0.course_id 
    left join
        faculty f1_0 
            on f1_0.id=c1_0.faculty_id 
    left join
        people f1_1 
            on f1_0.id=f1_1.id 
    left join
        appointment al1_0 
            on f1_0.id=al1_0.faculty_id 
    left join
        student c2_0 
            on c2_0.id=al1_0.student_id 
    left join
        class_rep c2_1 
            on c2_0.id=c2_1.id 
    left join
        people c2_2 
            on c2_0.id=c2_2.id 
    left join
        slot s1_0 
            on s1_0.id=tte1_0.slot_id 
    where
        tte1_0.id=?
Hibernate: 
    select
        tte1_0.course_id,
        tte1_0.id,
        tte1_0.active,
        tte1_0.batch,
        tte1_0.branch,
        tte1_0.course_identifier,
        tte1_0.date,
        s1_0.id,
        s1_0.name,
        tte1_0.slot_identifier,
        tte1_0.type 
    from
        time_table_entry tte1_0 
    left join
        slot s1_0 
            on s1_0.id=tte1_0.slot_id 
    where
        tte1_0.course_id=?
Hibernate: 
    select
        cl1_0.faculty_id,
        cl1_0.id,
        cl1_0.course_id,
        cl1_0.description,
        cl1_0.title 
    from
        course cl1_0 
    where
        cl1_0.faculty_id=?
Hibernate: 
    select
        es1_0.course_id,
        es1_1.id,
        case 
            when es1_2.id is not null 
                then 2 
            when es1_1.id is not null 
                then 1 
            when es1_3.id is not null 
                then 0 
        end,
        es1_3.password,
        es1_3.role,
        es1_3.username,
        es1_1.batch,
        es1_1.branch,
        es1_1.reg_no,
        es1_2.course 
    from
        student_courses es1_0 
    join
        student es1_1 
            on es1_1.id=es1_0.student_id 
    left join
        class_rep es1_2 
            on es1_1.id=es1_2.id 
    join
        people es1_3 
            on es1_1.id=es1_3.id 
    where
        es1_0.course_id=?
Hibernate: 
    select
        tte1_0.id,
        tte1_0.active,
        tte1_0.batch,
        tte1_0.branch,
        c1_0.id,
        c1_0.course_id,
        c1_0.description,
        f1_0.id,
        f1_1.password,
        f1_1.role,
        f1_1.username,
        f1_0.faculty_id,
        al1_0.faculty_id,
        al1_0.id,
        al1_0.app_id,
        c2_0.id,
        case 
            when c2_1.id is not null 
                then 2 
            when c2_0.id is not null 
                then 1 
            when c2_2.id is not null 
                then 0 
        end,
        c2_2.password,
        c2_2.role,
        c2_2.username,
        c2_0.batch,
        c2_0.branch,
        c2_0.reg_no,
        c2_1.course,
        al1_0.client_identifier,
        al1_0.client_name,
        al1_0.date,
        al1_0.reason,
        al1_0.recipient_identifier,
        al1_0.recipient_name,
        al1_0.slot,
        al1_0.status,
        c1_0.title,
        tte1_0.course_identifier,
        tte1_0.date,
        s1_0.id,
        s1_0.name,
        tte1_0.slot_identifier,
        tte1_0.type 
    from
        time_table_entry tte1_0 
    left join
        course c1_0 
            on c1_0.id=tte1_0.course_id 
    left join
        faculty f1_0 
            on f1_0.id=c1_0.faculty_id 
    left join
        people f1_1 
            on f1_0.id=f1_1.id 
    left join
        appointment al1_0 
            on f1_0.id=al1_0.faculty_id 
    left join
        student c2_0 
            on c2_0.id=al1_0.student_id 
    left join
        class_rep c2_1 
            on c2_0.id=c2_1.id 
    left join
        people c2_2 
            on c2_0.id=c2_2.id 
    left join
        slot s1_0 
            on s1_0.id=tte1_0.slot_id 
    where
        tte1_0.id=?
Hibernate: 
    select
        tte1_0.course_id,
        tte1_0.id,
        tte1_0.active,
        tte1_0.batch,
        tte1_0.branch,
        tte1_0.course_identifier,
        tte1_0.date,
        s1_0.id,
        s1_0.name,
        tte1_0.slot_identifier,
        tte1_0.type 
    from
        time_table_entry tte1_0 
    left join
        slot s1_0 
            on s1_0.id=tte1_0.slot_id 
    where
        tte1_0.course_id=?
Hibernate: 
    select
        cl1_0.faculty_id,
        cl1_0.id,
        cl1_0.course_id,
        cl1_0.description,
        cl1_0.title 
    from
        course cl1_0 
    where
        cl1_0.faculty_id=?
Hibernate: 
    select
        ec1_0.student_id,
        ec1_1.id,
        ec1_1.course_id,
        ec1_1.description,
        f1_0.id,
        f1_1.password,
        f1_1.role,
        f1_1.username,
        f1_0.faculty_id,
        ec1_1.title 
    from
        student_courses ec1_0 
    join
        course ec1_1 
            on ec1_1.id=ec1_0.course_id 
    left join
        faculty f1_0 
            on f1_0.id=ec1_1.faculty_id 
    left join
        people f1_1 
            on f1_0.id=f1_1.id 
    where
        ec1_0.student_id=?
Hibernate: 
    select
        al1_0.student_id,
        al1_0.id,
        al1_0.app_id,
        al1_0.client_identifier,
        al1_0.client_name,
        al1_0.date,
        al1_0.reason,
        r1_0.id,
        r1_1.password,
        r1_1.role,
        r1_1.username,
        r1_0.faculty_id,
        al1_0.recipient_identifier,
        al1_0.recipient_name,
        al1_0.slot,
        al1_0.status 
    from
        appointment al1_0 
    left join
        faculty r1_0 
            on r1_0.id=al1_0.faculty_id 
    left join
        people r1_1 
            on r1_0.id=r1_1.id 
    where
        al1_0.student_id=?
Hibernate: 
    select
        es1_0.course_id,
        es1_1.id,
        case 
            when es1_2.id is not null 
                then 2 
            when es1_1.id is not null 
                then 1 
            when es1_3.id is not null 
                then 0 
        end,
        es1_3.password,
        es1_3.role,
        es1_3.username,
        es1_1.batch,
        es1_1.branch,
        es1_1.reg_no,
        es1_2.course 
    from
        student_courses es1_0 
    join
        student es1_1 
            on es1_1.id=es1_0.student_id 
    left join
        class_rep es1_2 
            on es1_1.id=es1_2.id 
    join
        people es1_3 
            on es1_1.id=es1_3.id 
    where
        es1_0.course_id=?
Hibernate: 
    select
        tte1_0.id,
        tte1_0.active,
        tte1_0.batch,
        tte1_0.branch,
        c1_0.id,
        c1_0.course_id,
        c1_0.description,
        f1_0.id,
        f1_1.password,
        f1_1.role,
        f1_1.username,
        f1_0.faculty_id,
        al1_0.faculty_id,
        al1_0.id,
        al1_0.app_id,
        c2_0.id,
        case 
            when c2_1.id is not null 
                then 2 
            when c2_0.id is not null 
                then 1 
            when c2_2.id is not null 
                then 0 
        end,
        c2_2.password,
        c2_2.role,
        c2_2.username,
        c2_0.batch,
        c2_0.branch,
        c2_0.reg_no,
        c2_1.course,
        al1_0.client_identifier,
        al1_0.client_name,
        al1_0.date,
        al1_0.reason,
        al1_0.recipient_identifier,
        al1_0.recipient_name,
        al1_0.slot,
        al1_0.status,
        c1_0.title,
        tte1_0.course_identifier,
        tte1_0.date,
        s1_0.id,
        s1_0.name,
        tte1_0.slot_identifier,
        tte1_0.type 
    from
        time_table_entry tte1_0 
    left join
        course c1_0 
            on c1_0.id=tte1_0.course_id 
    left join
        faculty f1_0 
            on f1_0.id=c1_0.faculty_id 
    left join
        people f1_1 
            on f1_0.id=f1_1.id 
    left join
        appointment al1_0 
            on f1_0.id=al1_0.faculty_id 
    left join
        student c2_0 
            on c2_0.id=al1_0.student_id 
    left join
        class_rep c2_1 
            on c2_0.id=c2_1.id 
    left join
        people c2_2 
            on c2_0.id=c2_2.id 
    left join
        slot s1_0 
            on s1_0.id=tte1_0.slot_id 
    where
        tte1_0.id=?
Hibernate: 
    select
        tte1_0.course_id,
        tte1_0.id,
        tte1_0.active,
        tte1_0.batch,
        tte1_0.branch,
        tte1_0.course_identifier,
        tte1_0.date,
        s1_0.id,
        s1_0.name,
        tte1_0.slot_identifier,
        tte1_0.type 
    from
        time_table_entry tte1_0 
    left join
        slot s1_0 
            on s1_0.id=tte1_0.slot_id 
    where
        tte1_0.course_id=?
Hibernate: 
    select
        cl1_0.faculty_id,
        cl1_0.id,
        cl1_0.course_id,
        cl1_0.description,
        cl1_0.title 
    from
        course cl1_0 
    where
        cl1_0.faculty_id=?
Hibernate: 
    select
        ec1_0.student_id,
        ec1_1.id,
        ec1_1.course_id,
        ec1_1.description,
        f1_0.id,
        f1_1.password,
        f1_1.role,
        f1_1.username,
        f1_0.faculty_id,
        ec1_1.title 
    from
        student_courses ec1_0 
    join
        course ec1_1 
            on ec1_1.id=ec1_0.course_id 
    left join
        faculty f1_0 
            on f1_0.id=ec1_1.faculty_id 
    left join
        people f1_1 
            on f1_0.id=f1_1.id 
    where
        ec1_0.student_id=?
Hibernate: 
    select
        al1_0.student_id,
        al1_0.id,
        al1_0.app_id,
        al1_0.client_identifier,
        al1_0.client_name,
        al1_0.date,
        al1_0.reason,
        r1_0.id,
        r1_1.password,
        r1_1.role,
        r1_1.username,
        r1_0.faculty_id,
        al1_0.recipient_identifier,
        al1_0.recipient_name,
        al1_0.slot,
        al1_0.status 
    from
        appointment al1_0 
    left join
        faculty r1_0 
            on r1_0.id=al1_0.faculty_id 
    left join
        people r1_1 
            on r1_0.id=r1_1.id 
    where
        al1_0.student_id=?
Hibernate: 
    select
        es1_0.course_id,
        es1_1.id,
        case 
            when es1_2.id is not null 
                then 2 
            when es1_1.id is not null 
                then 1 
            when es1_3.id is not null 
                then 0 
        end,
        es1_3.password,
        es1_3.role,
        es1_3.username,
        es1_1.batch,
        es1_1.branch,
        es1_1.reg_no,
        es1_2.course 
    from
        student_courses es1_0 
    join
        student es1_1 
            on es1_1.id=es1_0.student_id 
    left join
        class_rep es1_2 
            on es1_1.id=es1_2.id 
    join
        people es1_3 
            on es1_1.id=es1_3.id 
    where
        es1_0.course_id=?
Hibernate: 
    select
        tte1_0.id,
        tte1_0.active,
        tte1_0.batch,
        tte1_0.branch,
        c1_0.id,
        c1_0.course_id,
        c1_0.description,
        f1_0.id,
        f1_1.password,
        f1_1.role,
        f1_1.username,
        f1_0.faculty_id,
        al1_0.faculty_id,
        al1_0.id,
        al1_0.app_id,
        c2_0.id,
        case 
            when c2_1.id is not null 
                then 2 
            when c2_0.id is not null 
                then 1 
            when c2_2.id is not null 
                then 0 
        end,
        c2_2.password,
        c2_2.role,
        c2_2.username,
        c2_0.batch,
        c2_0.branch,
        c2_0.reg_no,
        c2_1.course,
        al1_0.client_identifier,
        al1_0.client_name,
        al1_0.date,
        al1_0.reason,
        al1_0.recipient_identifier,
        al1_0.recipient_name,
        al1_0.slot,
        al1_0.status,
        c1_0.title,
        tte1_0.course_identifier,
        tte1_0.date,
        s1_0.id,
        s1_0.name,
        tte1_0.slot_identifier,
        tte1_0.type 
    from
        time_table_entry tte1_0 
    left join
        course c1_0 
            on c1_0.id=tte1_0.course_id 
    left join
        faculty f1_0 
            on f1_0.id=c1_0.faculty_id 
    left join
        people f1_1 
            on f1_0.id=f1_1.id 
    left join
        appointment al1_0 
            on f1_0.id=al1_0.faculty_id 
    left join
        student c2_0 
            on c2_0.id=al1_0.student_id 
    left join
        class_rep c2_1 
            on c2_0.id=c2_1.id 
    left join
        people c2_2 
            on c2_0.id=c2_2.id 
    left join
        slot s1_0 
            on s1_0.id=tte1_0.slot_id 
    where
        tte1_0.id=?
Hibernate: 
    select
        tte1_0.course_id,
        tte1_0.id,
        tte1_0.active,
        tte1_0.batch,
        tte1_0.branch,
        tte1_0.course_identifier,
        tte1_0.date,
        s1_0.id,
        s1_0.name,
        tte1_0.slot_identifier,
        tte1_0.type 
    from
        time_table_entry tte1_0 
    left join
        slot s1_0 
            on s1_0.id=tte1_0.slot_id 
    where
        tte1_0.course_id=?
Hibernate: 
    select
        cl1_0.faculty_id,
        cl1_0.id,
        cl1_0.course_id,
        cl1_0.description,
        cl1_0.title 
    from
        course cl1_0 
    where
        cl1_0.faculty_id=?
Hibernate: 
    select
        ec1_0.student_id,
        ec1_1.id,
        ec1_1.course_id,
        ec1_1.description,
        f1_0.id,
        f1_1.password,
        f1_1.role,
        f1_1.username,
        f1_0.faculty_id,
        ec1_1.title 
    from
        student_courses ec1_0 
    join
        course ec1_1 
            on ec1_1.id=ec1_0.course_id 
    left join
        faculty f1_0 
            on f1_0.id=ec1_1.faculty_id 
    left join
        people f1_1 
            on f1_0.id=f1_1.id 
    where
        ec1_0.student_id=?
Hibernate: 
    select
        al1_0.student_id,
        al1_0.id,
        al1_0.app_id,
        al1_0.client_identifier,
        al1_0.client_name,
        al1_0.date,
        al1_0.reason,
        r1_0.id,
        r1_1.password,
        r1_1.role,
        r1_1.username,
        r1_0.faculty_id,
        al1_0.recipient_identifier,
        al1_0.recipient_name,
        al1_0.slot,
        al1_0.status 
    from
        appointment al1_0 
    left join
        faculty r1_0 
            on r1_0.id=al1_0.faculty_id 
    left join
        people r1_1 
            on r1_0.id=r1_1.id 
    where
        al1_0.student_id=?
Hibernate: 
    select
        es1_0.course_id,
        es1_1.id,
        case 
            when es1_2.id is not null 
                then 2 
            when es1_1.id is not null 
                then 1 
            when es1_3.id is not null 
                then 0 
        end,
        es1_3.password,
        es1_3.role,
        es1_3.username,
        es1_1.batch,
        es1_1.branch,
        es1_1.reg_no,
        es1_2.course 
    from
        student_courses es1_0 
    join
        student es1_1 
            on es1_1.id=es1_0.student_id 
    left join
        class_rep es1_2 
            on es1_1.id=es1_2.id 
    join
        people es1_3 
            on es1_1.id=es1_3.id 
    where
        es1_0.course_id=?
Hibernate: 
    select
        tte1_0.id,
        tte1_0.active,
        tte1_0.batch,
        tte1_0.branch,
        c1_0.id,
        c1_0.course_id,
        c1_0.description,
        f1_0.id,
        f1_1.password,
        f1_1.role,
        f1_1.username,
        f1_0.faculty_id,
        al1_0.faculty_id,
        al1_0.id,
        al1_0.app_id,
        c2_0.id,
        case 
            when c2_1.id is not null 
                then 2 
            when c2_0.id is not null 
                then 1 
            when c2_2.id is not null 
                then 0 
        end,
        c2_2.password,
        c2_2.role,
        c2_2.username,
        c2_0.batch,
        c2_0.branch,
        c2_0.reg_no,
        c2_1.course,
        al1_0.client_identifier,
        al1_0.client_name,
        al1_0.date,
        al1_0.reason,
        al1_0.recipient_identifier,
        al1_0.recipient_name,
        al1_0.slot,
        al1_0.status,
        c1_0.title,
        tte1_0.course_identifier,
        tte1_0.date,
        s1_0.id,
        s1_0.name,
        tte1_0.slot_identifier,
        tte1_0.type 
    from
        time_table_entry tte1_0 
    left join
        course c1_0 
            on c1_0.id=tte1_0.course_id 
    left join
        faculty f1_0 
            on f1_0.id=c1_0.faculty_id 
    left join
        people f1_1 
            on f1_0.id=f1_1.id 
    left join
        appointment al1_0 
            on f1_0.id=al1_0.faculty_id 
    left join
        student c2_0 
            on c2_0.id=al1_0.student_id 
    left join
        class_rep c2_1 
            on c2_0.id=c2_1.id 
    left join
        people c2_2 
            on c2_0.id=c2_2.id 
    left join
        slot s1_0 
            on s1_0.id=tte1_0.slot_id 
    where
        tte1_0.id=?
Hibernate: 
    select
        tte1_0.course_id,
        tte1_0.id,
        tte1_0.active,
        tte1_0.batch,
        tte1_0.branch,
        tte1_0.course_identifier,
        tte1_0.date,
        s1_0.id,
        s1_0.name,
        tte1_0.slot_identifier,
        tte1_0.type 
    from
        time_table_entry tte1_0 
    left join
        slot s1_0 
            on s1_0.id=tte1_0.slot_id 
    where
        tte1_0.course_id=?
Hibernate: 
    select
        cl1_0.faculty_id,
        cl1_0.id,
        cl1_0.course_id,
        cl1_0.description,
        cl1_0.title 
    from
        course cl1_0 
    where
        cl1_0.faculty_id=?
Hibernate: 
    select
        es1_0.course_id,
        es1_1.id,
        case 
            when es1_2.id is not null 
                then 2 
            when es1_1.id is not null 
                then 1 
            when es1_3.id is not null 
                then 0 
        end,
        es1_3.password,
        es1_3.role,
        es1_3.username,
        es1_1.batch,
        es1_1.branch,
        es1_1.reg_no,
        es1_2.course 
    from
        student_courses es1_0 
    join
        student es1_1 
            on es1_1.id=es1_0.student_id 
    left join
        class_rep es1_2 
            on es1_1.id=es1_2.id 
    join
        people es1_3 
            on es1_1.id=es1_3.id 
    where
        es1_0.course_id=?
Hibernate: 
    select
        tte1_0.id,
        tte1_0.active,
        tte1_0.batch,
        tte1_0.branch,
        c1_0.id,
        c1_0.course_id,
        c1_0.description,
        f1_0.id,
        f1_1.password,
        f1_1.role,
        f1_1.username,
        f1_0.faculty_id,
        al1_0.faculty_id,
        al1_0.id,
        al1_0.app_id,
        c2_0.id,
        case 
            when c2_1.id is not null 
                then 2 
            when c2_0.id is not null 
                then 1 
            when c2_2.id is not null 
                then 0 
        end,
        c2_2.password,
        c2_2.role,
        c2_2.username,
        c2_0.batch,
        c2_0.branch,
        c2_0.reg_no,
        c2_1.course,
        al1_0.client_identifier,
        al1_0.client_name,
        al1_0.date,
        al1_0.reason,
        al1_0.recipient_identifier,
        al1_0.recipient_name,
        al1_0.slot,
        al1_0.status,
        c1_0.title,
        tte1_0.course_identifier,
        tte1_0.date,
        s1_0.id,
        s1_0.name,
        tte1_0.slot_identifier,
        tte1_0.type 
    from
        time_table_entry tte1_0 
    left join
        course c1_0 
            on c1_0.id=tte1_0.course_id 
    left join
        faculty f1_0 
            on f1_0.id=c1_0.faculty_id 
    left join
        people f1_1 
            on f1_0.id=f1_1.id 
    left join
        appointment al1_0 
            on f1_0.id=al1_0.faculty_id 
    left join
        student c2_0 
            on c2_0.id=al1_0.student_id 
    left join
        class_rep c2_1 
            on c2_0.id=c2_1.id 
    left join
        people c2_2 
            on c2_0.id=c2_2.id 
    left join
        slot s1_0 
            on s1_0.id=tte1_0.slot_id 
    where
        tte1_0.id=?
Hibernate: 
    select
        tte1_0.course_id,
        tte1_0.id,
        tte1_0.active,
        tte1_0.batch,
        tte1_0.branch,
        tte1_0.course_identifier,
        tte1_0.date,
        s1_0.id,
        s1_0.name,
        tte1_0.slot_identifier,
        tte1_0.type 
    from
        time_table_entry tte1_0 
    left join
        slot s1_0 
            on s1_0.id=tte1_0.slot_id 
    where
        tte1_0.course_id=?
Hibernate: 
    select
        cl1_0.faculty_id,
        cl1_0.id,
        cl1_0.course_id,
        cl1_0.description,
        cl1_0.title 
    from
        course cl1_0 
    where
        cl1_0.faculty_id=?
Hibernate: 
    select
        es1_0.course_id,
        es1_1.id,
        case 
            when es1_2.id is not null 
                then 2 
            when es1_1.id is not null 
                then 1 
            when es1_3.id is not null 
                then 0 
        end,
        es1_3.password,
        es1_3.role,
        es1_3.username,
        es1_1.batch,
        es1_1.branch,
        es1_1.reg_no,
        es1_2.course 
    from
        student_courses es1_0 
    join
        student es1_1 
            on es1_1.id=es1_0.student_id 
    left join
        class_rep es1_2 
            on es1_1.id=es1_2.id 
    join
        people es1_3 
            on es1_1.id=es1_3.id 
    where
        es1_0.course_id=?
Hibernate: 
    select
        tte1_0.id,
        tte1_0.active,
        tte1_0.batch,
        tte1_0.branch,
        c1_0.id,
        c1_0.course_id,
        c1_0.description,
        f1_0.id,
        f1_1.password,
        f1_1.role,
        f1_1.username,
        f1_0.faculty_id,
        al1_0.faculty_id,
        al1_0.id,
        al1_0.app_id,
        c2_0.id,
        case 
            when c2_1.id is not null 
                then 2 
            when c2_0.id is not null 
                then 1 
            when c2_2.id is not null 
                then 0 
        end,
        c2_2.password,
        c2_2.role,
        c2_2.username,
        c2_0.batch,
        c2_0.branch,
        c2_0.reg_no,
        c2_1.course,
        al1_0.client_identifier,
        al1_0.client_name,
        al1_0.date,
        al1_0.reason,
        al1_0.recipient_identifier,
        al1_0.recipient_name,
        al1_0.slot,
        al1_0.status,
        c1_0.title,
        tte1_0.course_identifier,
        tte1_0.date,
        s1_0.id,
        s1_0.name,
        tte1_0.slot_identifier,
        tte1_0.type 
    from
        time_table_entry tte1_0 
    left join
        course c1_0 
            on c1_0.id=tte1_0.course_id 
    left join
        faculty f1_0 
            on f1_0.id=c1_0.faculty_id 
    left join
        people f1_1 
            on f1_0.id=f1_1.id 
    left join
        appointment al1_0 
            on f1_0.id=al1_0.faculty_id 
    left join
        student c2_0 
            on c2_0.id=al1_0.student_id 
    left join
        class_rep c2_1 
            on c2_0.id=c2_1.id 
    left join
        people c2_2 
            on c2_0.id=c2_2.id 
    left join
        slot s1_0 
            on s1_0.id=tte1_0.slot_id 
    where
        tte1_0.id=?
Hibernate: 
    select
        tte1_0.course_id,
        tte1_0.id,
        tte1_0.active,
        tte1_0.batch,
        tte1_0.branch,
        tte1_0.course_identifier,
        tte1_0.date,
        s1_0.id,
        s1_0.name,
        tte1_0.slot_identifier,
        tte1_0.type 
    from
        time_table_entry tte1_0 
    left join
        slot s1_0 
            on s1_0.id=tte1_0.slot_id 
    where
        tte1_0.course_id=?
Hibernate: 
    select
        cl1_0.faculty_id,
        cl1_0.id,
        cl1_0.course_id,
        cl1_0.description,
        cl1_0.title 
    from
        course cl1_0 
    where
        cl1_0.faculty_id=?
Hibernate: 
    select
        es1_0.course_id,
        es1_1.id,
        case 
            when es1_2.id is not null 
                then 2 
            when es1_1.id is not null 
                then 1 
            when es1_3.id is not null 
                then 0 
        end,
        es1_3.password,
        es1_3.role,
        es1_3.username,
        es1_1.batch,
        es1_1.branch,
        es1_1.reg_no,
        es1_2.course 
    from
        student_courses es1_0 
    join
        student es1_1 
            on es1_1.id=es1_0.student_id 
    left join
        class_rep es1_2 
            on es1_1.id=es1_2.id 
    join
        people es1_3 
            on es1_1.id=es1_3.id 
    where
        es1_0.course_id=?
Hibernate: 
    select
        tte1_0.id,
        tte1_0.active,
        tte1_0.batch,
        tte1_0.branch,
        c1_0.id,
        c1_0.course_id,
        c1_0.description,
        f1_0.id,
        f1_1.password,
        f1_1.role,
        f1_1.username,
        f1_0.faculty_id,
        al1_0.faculty_id,
        al1_0.id,
        al1_0.app_id,
        c2_0.id,
        case 
            when c2_1.id is not null 
                then 2 
            when c2_0.id is not null 
                then 1 
            when c2_2.id is not null 
                then 0 
        end,
        c2_2.password,
        c2_2.role,
        c2_2.username,
        c2_0.batch,
        c2_0.branch,
        c2_0.reg_no,
        c2_1.course,
        al1_0.client_identifier,
        al1_0.client_name,
        al1_0.date,
        al1_0.reason,
        al1_0.recipient_identifier,
        al1_0.recipient_name,
        al1_0.slot,
        al1_0.status,
        c1_0.title,
        tte1_0.course_identifier,
        tte1_0.date,
        s1_0.id,
        s1_0.name,
        tte1_0.slot_identifier,
        tte1_0.type 
    from
        time_table_entry tte1_0 
    left join
        course c1_0 
            on c1_0.id=tte1_0.course_id 
    left join
        faculty f1_0 
            on f1_0.id=c1_0.faculty_id 
    left join
        people f1_1 
            on f1_0.id=f1_1.id 
    left join
        appointment al1_0 
            on f1_0.id=al1_0.faculty_id 
    left join
        student c2_0 
            on c2_0.id=al1_0.student_id 
    left join
        class_rep c2_1 
            on c2_0.id=c2_1.id 
    left join
        people c2_2 
            on c2_0.id=c2_2.id 
    left join
        slot s1_0 
            on s1_0.id=tte1_0.slot_id 
    where
        tte1_0.id=?
Hibernate: 
    select
        tte1_0.course_id,
        tte1_0.id,
        tte1_0.active,
        tte1_0.batch,
        tte1_0.branch,
        tte1_0.course_identifier,
        tte1_0.date,
        s1_0.id,
        s1_0.name,
        tte1_0.slot_identifier,
        tte1_0.type 
    from
        time_table_entry tte1_0 
    left join
        slot s1_0 
            on s1_0.id=tte1_0.slot_id 
    where
        tte1_0.course_id=?
Hibernate: 
    select
        cl1_0.faculty_id,
        cl1_0.id,
        cl1_0.course_id,
        cl1_0.description,
        cl1_0.title 
    from
        course cl1_0 
    where
        cl1_0.faculty_id=?
Hibernate: 
    select
        es1_0.course_id,
        es1_1.id,
        case 
            when es1_2.id is not null 
                then 2 
            when es1_1.id is not null 
                then 1 
            when es1_3.id is not null 
                then 0 
        end,
        es1_3.password,
        es1_3.role,
        es1_3.username,
        es1_1.batch,
        es1_1.branch,
        es1_1.reg_no,
        es1_2.course 
    from
        student_courses es1_0 
    join
        student es1_1 
            on es1_1.id=es1_0.student_id 
    left join
        class_rep es1_2 
            on es1_1.id=es1_2.id 
    join
        people es1_3 
            on es1_1.id=es1_3.id 
    where
        es1_0.course_id=?
]]></system-out>
    <system-err><![CDATA[Mockito is currently self-attaching to enable the inline-mock-maker. This will no longer work in future releases of the JDK. Please add Mockito as an agent to your build what is described in Mockito's documentation: https://javadoc.io/doc/org.mockito/mockito-core/latest/org/mockito/Mockito.html#0.3
WARNING: A Java agent has been loaded dynamically (/Users/ansafhassan/.m2/repository/net/bytebuddy/byte-buddy-agent/1.15.11/byte-buddy-agent-1.15.11.jar)
WARNING: If a serviceability tool is in use, please run with -XX:+EnableDynamicAgentLoading to hide this warning
WARNING: If a serviceability tool is not in use, please run with -Djdk.instrument.traceUsage for more information
WARNING: Dynamic loading of agents will be disallowed by default in a future release
]]></system-err>
  </testcase>
</testsuite>